{"numTotalTestSuites":125,"numPassedTestSuites":125,"numFailedTestSuites":0,"numPendingTestSuites":0,"numTotalTests":432,"numPassedTests":424,"numFailedTests":0,"numPendingTests":8,"numTodoTests":0,"snapshot":{"added":0,"failure":false,"filesAdded":0,"filesRemoved":0,"filesRemovedList":[],"filesUnmatched":0,"filesUpdated":0,"matched":0,"total":0,"unchecked":0,"uncheckedKeysByFile":[],"unmatched":0,"updated":0,"didUpdate":false},"startTime":1773692398617,"success":true,"testResults":[{"assertionResults":[{"ancestorTitles":["billing cancel — runtime smoke tests"],"fullName":"billing cancel — runtime smoke tests cancel preview returns retention offer without canceling","status":"skipped","title":"cancel preview returns retention offer without canceling","failureMessages":[],"meta":{}},{"ancestorTitles":["billing cancel — runtime smoke tests"],"fullName":"billing cancel — runtime smoke tests unauthenticated cancel returns 401","status":"skipped","title":"unauthenticated cancel returns 401","failureMessages":[],"meta":{}},{"ancestorTitles":["billing cancel — runtime smoke tests"],"fullName":"billing cancel — runtime smoke tests invalid JSON body returns 400","status":"skipped","title":"invalid JSON body returns 400","failureMessages":[],"meta":{}}],"startTime":1773692398617,"endTime":1773692398617,"status":"passed","message":"","name":"/mnt/c/Users/Ultimate Warrior/My project/HumanDesign/tests/billing-cancel-runtime.test.js"},{"assertionResults":[{"ancestorTitles":["billing retention runtime"],"fullName":"billing retention runtime returns a retention preview without calling Stripe cancel","status":"passed","title":"returns a retention preview without calling Stripe cancel","duration":5.690520000000106,"failureMessages":[],"meta":{}},{"ancestorTitles":["billing retention runtime"],"fullName":"billing retention runtime downgrades a subscription through the upgrade endpoint","status":"passed","title":"downgrades a subscription through the upgrade endpoint","duration":3.072779999998602,"failureMessages":[],"meta":{}}],"startTime":1773692432310,"endTime":1773692432319.0728,"status":"passed","message":"","name":"/mnt/c/Users/Ultimate Warrior/My project/HumanDesign/tests/billing-retention-runtime.test.js"},{"assertionResults":[{"ancestorTitles":["Five Forges (Canonical)"],"fullName":"Five Forges (Canonical) should define exactly 6 Forges","status":"passed","title":"should define exactly 6 Forges","duration":2.892869999999675,"failureMessages":[],"meta":{}},{"ancestorTitles":["Five Forges (Canonical)"],"fullName":"Five Forges (Canonical) should include the canonical Six Forges by name","status":"passed","title":"should include the canonical Six Forges by name","duration":0.9616500000011001,"failureMessages":[],"meta":{}},{"ancestorTitles":["Five Forges (Canonical)"],"fullName":"Five Forges (Canonical) each Forge should have required properties","status":"passed","title":"each Forge should have required properties","duration":10.488690000001952,"failureMessages":[],"meta":{}},{"ancestorTitles":["Five Forges (Canonical)","Chronos (Time)"],"fullName":"Five Forges (Canonical) Chronos (Time) should have essence about time or patience","status":"passed","title":"should have essence about time or patience","duration":0.7074900000006892,"failureMessages":[],"meta":{}},{"ancestorTitles":["Five Forges (Canonical)","Chronos (Time)"],"fullName":"Five Forges (Canonical) Chronos (Time) should have Saturn-related astro trigger","status":"passed","title":"should have Saturn-related astro trigger","duration":0.5091300000021874,"failureMessages":[],"meta":{}},{"ancestorTitles":["Five Forges (Canonical)","Chronos (Time)"],"fullName":"Five Forges (Canonical) Chronos (Time) should have historical exemplars","status":"passed","title":"should have historical exemplars","duration":1.2249899999987974,"failureMessages":[],"meta":{}},{"ancestorTitles":["Five Forges (Canonical)","Eros (Passion)"],"fullName":"Five Forges (Canonical) Eros (Passion) should have essence about passion or heart","status":"passed","title":"should have essence about passion or heart","duration":0.29483999999865773,"failureMessages":[],"meta":{}},{"ancestorTitles":["Five Forges (Canonical)","Eros (Passion)"],"fullName":"Five Forges (Canonical) Eros (Passion) should have Sacral-related HD trigger","status":"passed","title":"should have Sacral-related HD trigger","duration":0.2572199999995064,"failureMessages":[],"meta":{}},{"ancestorTitles":["Five Forges (Canonical)","Aether (Connection)"],"fullName":"Five Forges (Canonical) Aether (Connection) should have domain related to connection or spirit","status":"passed","title":"should have domain related to connection or spirit","duration":0.4304699999993318,"failureMessages":[],"meta":{}},{"ancestorTitles":["Five Forges (Canonical)","Aether (Connection)"],"fullName":"Five Forges (Canonical) Aether (Connection) should have Neptune-related astro trigger","status":"passed","title":"should have Neptune-related astro trigger","duration":0.2564100000017788,"failureMessages":[],"meta":{}},{"ancestorTitles":["Five Forges (Canonical)","Lux (Illumination)"],"fullName":"Five Forges (Canonical) Lux (Illumination) should have correct essence","status":"passed","title":"should have correct essence","duration":0.23823000000265893,"failureMessages":[],"meta":{}},{"ancestorTitles":["Five Forges (Canonical)","Lux (Illumination)"],"fullName":"Five Forges (Canonical) Lux (Illumination) should have Head or Ajna HD trigger","status":"passed","title":"should have Head or Ajna HD trigger","duration":0.20825999999942724,"failureMessages":[],"meta":{}},{"ancestorTitles":["Five Forges (Canonical)","Phoenix (Rebirth)"],"fullName":"Five Forges (Canonical) Phoenix (Rebirth) should have domain related to rebirth or transformation","status":"passed","title":"should have domain related to rebirth or transformation","duration":0.21932999999989988,"failureMessages":[],"meta":{}},{"ancestorTitles":["Five Forges (Canonical)","Phoenix (Rebirth)"],"fullName":"Five Forges (Canonical) Phoenix (Rebirth) should have Pluto-related astro trigger","status":"passed","title":"should have Pluto-related astro trigger","duration":0.44676000000254135,"failureMessages":[],"meta":{}},{"ancestorTitles":["Six Knowledges (Canonical)"],"fullName":"Six Knowledges (Canonical) should define exactly 7 Knowledges","status":"passed","title":"should define exactly 7 Knowledges","duration":0.7535700000007637,"failureMessages":[],"meta":{}},{"ancestorTitles":["Six Knowledges (Canonical)"],"fullName":"Six Knowledges (Canonical) should include the canonical Seven Knowledges","status":"passed","title":"should include the canonical Seven Knowledges","duration":0.5837399999982154,"failureMessages":[],"meta":{}},{"ancestorTitles":["Six Knowledges (Canonical)"],"fullName":"Six Knowledges (Canonical) each Knowledge should have required properties","status":"passed","title":"each Knowledge should have required properties","duration":6.785729999999603,"failureMessages":[],"meta":{}},{"ancestorTitles":["Six Knowledges (Canonical)"],"fullName":"Six Knowledges (Canonical) Knowledge of Self should be number 1","status":"passed","title":"Knowledge of Self should be number 1","duration":0.5011199999971723,"failureMessages":[],"meta":{}},{"ancestorTitles":["Six Knowledges (Canonical)"],"fullName":"Six Knowledges (Canonical) Knowledge of Ancestors should reference Design-side","status":"passed","title":"Knowledge of Ancestors should reference Design-side","duration":0.3336300000009942,"failureMessages":[],"meta":{}},{"ancestorTitles":["Six Knowledges (Canonical)"],"fullName":"Six Knowledges (Canonical) Knowledge of The One should emphasize interconnection","status":"passed","title":"Knowledge of The One should emphasize interconnection","duration":0.3589200000023993,"failureMessages":[],"meta":{}},{"ancestorTitles":["Six Knowledges (Canonical)"],"fullName":"Six Knowledges (Canonical) Knowledges should be numbered 1-7","status":"passed","title":"Knowledges should be numbered 1-7","duration":1.147049999999581,"failureMessages":[],"meta":{}},{"ancestorTitles":["Six Sciences (Canonical)"],"fullName":"Six Sciences (Canonical) should define exactly 6 Sciences","status":"passed","title":"should define exactly 6 Sciences","duration":0.6434100000005856,"failureMessages":[],"meta":{}},{"ancestorTitles":["Six Sciences (Canonical)"],"fullName":"Six Sciences (Canonical) should include the canonical Six Sciences","status":"passed","title":"should include the canonical Six Sciences","duration":0.5074200000017299,"failureMessages":[],"meta":{}},{"ancestorTitles":["Six Sciences (Canonical)"],"fullName":"Six Sciences (Canonical) Mindfulness should be the foundational Science","status":"passed","title":"Mindfulness should be the foundational Science","duration":0.2708100000018021,"failureMessages":[],"meta":{}},{"ancestorTitles":["Six Sciences (Canonical)"],"fullName":"Six Sciences (Canonical) each Science should have practical applications","status":"passed","title":"each Science should have practical applications","duration":0.5150700000012876,"failureMessages":[],"meta":{}},{"ancestorTitles":["Six Arts (Canonical)"],"fullName":"Six Arts (Canonical) should define exactly 6 Arts","status":"passed","title":"should define exactly 6 Arts","duration":0.637830000003305,"failureMessages":[],"meta":{}},{"ancestorTitles":["Six Arts (Canonical)"],"fullName":"Six Arts (Canonical) should include the canonical Six Arts","status":"passed","title":"should include the canonical Six Arts","duration":0.5797800000000279,"failureMessages":[],"meta":{}},{"ancestorTitles":["Six Arts (Canonical)"],"fullName":"Six Arts (Canonical) each Art should have Forge correspondences","status":"passed","title":"each Art should have Forge correspondences","duration":0.18009000000165543,"failureMessages":[],"meta":{}},{"ancestorTitles":["Six Defenses (Canonical)"],"fullName":"Six Defenses (Canonical) should define exactly 6 Defenses","status":"passed","title":"should define exactly 6 Defenses","duration":0.6066900000005262,"failureMessages":[],"meta":{}},{"ancestorTitles":["Six Defenses (Canonical)"],"fullName":"Six Defenses (Canonical) should include the canonical Six Defenses","status":"passed","title":"should include the canonical Six Defenses","duration":0.5254199999981211,"failureMessages":[],"meta":{}},{"ancestorTitles":["Six Defenses (Canonical)"],"fullName":"Six Defenses (Canonical) Chakra Work should map to HD centers","status":"passed","title":"Chakra Work should map to HD centers","duration":0.3096000000005006,"failureMessages":[],"meta":{}},{"ancestorTitles":["Six Defenses (Canonical)"],"fullName":"Six Defenses (Canonical) Iwas/Orisha should have respectful practice guidance","status":"passed","title":"Iwas/Orisha should have respectful practice guidance","duration":0.16316999999980908,"failureMessages":[],"meta":{}},{"ancestorTitles":["Six Heresies (Canonical)"],"fullName":"Six Heresies (Canonical) should define exactly 6 Heresies","status":"passed","title":"should define exactly 6 Heresies","duration":0.6173999999991793,"failureMessages":[],"meta":{}},{"ancestorTitles":["Six Heresies (Canonical)"],"fullName":"Six Heresies (Canonical) should include the canonical Six Heresies","status":"passed","title":"should include the canonical Six Heresies","duration":0.42912000000069384,"failureMessages":[],"meta":{}},{"ancestorTitles":["Six Heresies (Canonical)"],"fullName":"Six Heresies (Canonical) each Heresy should have a shadowOf reference","status":"passed","title":"each Heresy should have a shadowOf reference","duration":0.4813200000025972,"failureMessages":[],"meta":{}},{"ancestorTitles":["Six Heresies (Canonical)"],"fullName":"Six Heresies (Canonical) each Heresy should have defenseAgainst guidance","status":"passed","title":"each Heresy should have defenseAgainst guidance","duration":0.7560899999989488,"failureMessages":[],"meta":{}},{"ancestorTitles":["Six Heresies (Canonical)"],"fullName":"Six Heresies (Canonical) each Heresy should have redemption path","status":"passed","title":"each Heresy should have redemption path","duration":0.5459399999999732,"failureMessages":[],"meta":{}},{"ancestorTitles":["Six Heresies (Canonical)"],"fullName":"Six Heresies (Canonical) metadata should include warning about not practicing","status":"passed","title":"metadata should include warning about not practicing","duration":0.2231099999989965,"failureMessages":[],"meta":{}},{"ancestorTitles":["Historical Figures Library"],"fullName":"Historical Figures Library should have figures organized by HD Type","status":"passed","title":"should have figures organized by HD Type","duration":0.5522400000008929,"failureMessages":[],"meta":{}},{"ancestorTitles":["Historical Figures Library"],"fullName":"Historical Figures Library should have figures organized by Forge","status":"passed","title":"should have figures organized by Forge","duration":0.4504500000002736,"failureMessages":[],"meta":{}},{"ancestorTitles":["Historical Figures Library"],"fullName":"Historical Figures Library each figure should have required properties","status":"passed","title":"each figure should have required properties","duration":5.784749999998894,"failureMessages":[],"meta":{}},{"ancestorTitles":["Historical Figures Library"],"fullName":"Historical Figures Library should include shadow examples with warnings","status":"passed","title":"should include shadow examples with warnings","duration":0.40310999999928754,"failureMessages":[],"meta":{}},{"ancestorTitles":["Book Recommendations Library"],"fullName":"Book Recommendations Library should have books organized by HD Type","status":"passed","title":"should have books organized by HD Type","duration":0.4323599999988801,"failureMessages":[],"meta":{}},{"ancestorTitles":["Book Recommendations Library"],"fullName":"Book Recommendations Library should have books organized by Forge","status":"passed","title":"should have books organized by Forge","duration":0.3156299999973271,"failureMessages":[],"meta":{}},{"ancestorTitles":["Book Recommendations Library"],"fullName":"Book Recommendations Library should have books organized by Knowledge area","status":"passed","title":"should have books organized by Knowledge area","duration":0.3014100000000326,"failureMessages":[],"meta":{}},{"ancestorTitles":["Book Recommendations Library"],"fullName":"Book Recommendations Library should have books organized by current need","status":"passed","title":"should have books organized by current need","duration":0.5217300000003888,"failureMessages":[],"meta":{}},{"ancestorTitles":["Book Recommendations Library"],"fullName":"Book Recommendations Library should have an essential library","status":"passed","title":"should have an essential library","duration":0.29412000000229455,"failureMessages":[],"meta":{}},{"ancestorTitles":["Book Recommendations Library"],"fullName":"Book Recommendations Library each book recommendation should have title, author, and why","status":"passed","title":"each book recommendation should have title, author, and why","duration":2.8158300000031886,"failureMessages":[],"meta":{}},{"ancestorTitles":["Synthesis Prompt (Canonical Integration)"],"fullName":"Synthesis Prompt (Canonical Integration) should export buildSynthesisPrompt and validateSynthesisResponse","status":"passed","title":"should export buildSynthesisPrompt and validateSynthesisResponse","duration":0.35486999999920954,"failureMessages":[],"meta":{}},{"ancestorTitles":["Synthesis Prompt (Canonical Integration)"],"fullName":"Synthesis Prompt (Canonical Integration) should export FORGE_MAPPING and SIX_KNOWLEDGES for RAG use","status":"passed","title":"should export FORGE_MAPPING and SIX_KNOWLEDGES for RAG use","duration":0.2716199999995297,"failureMessages":[],"meta":{}},{"ancestorTitles":["Synthesis Prompt (Canonical Integration)"],"fullName":"Synthesis Prompt (Canonical Integration) should validate canonical forge names (Initiation/Mastery/Guidance/Perception/Transformation)","status":"passed","title":"should validate canonical forge names (Initiation/Mastery/Guidance/Perception/Transformation)","duration":0.658980000000156,"failureMessages":[],"meta":{}},{"ancestorTitles":["Synthesis Prompt (Canonical Integration)"],"fullName":"Synthesis Prompt (Canonical Integration) should reject old forge names (Chronos/Eros/Aether/Lux/Phoenix)","status":"passed","title":"should reject old forge names (Chronos/Eros/Aether/Lux/Phoenix)","duration":0.8685899999982212,"failureMessages":[],"meta":{}},{"ancestorTitles":["Cross-Reference Validation"],"fullName":"Cross-Reference Validation Forge exemplars in forges.json should appear in historical_figures.json byForge","status":"passed","title":"Forge exemplars in forges.json should appear in historical_figures.json byForge","duration":0.49886999999944237,"failureMessages":[],"meta":{}},{"ancestorTitles":["Cross-Reference Validation"],"fullName":"Cross-Reference Validation Books in forges should align with book_recommendations byForge","status":"passed","title":"Books in forges should align with book_recommendations byForge","duration":0.31014000000141095,"failureMessages":[],"meta":{}},{"ancestorTitles":["Cross-Reference Validation"],"fullName":"Cross-Reference Validation All Five Forges should have book recommendations","status":"passed","title":"All Five Forges should have book recommendations","duration":0.9000900000028196,"failureMessages":[],"meta":{}},{"ancestorTitles":["Cross-Reference Validation"],"fullName":"Cross-Reference Validation All Six Knowledges should have book recommendations","status":"passed","title":"All Six Knowledges should have book recommendations","duration":0.720180000000255,"failureMessages":[],"meta":{}}],"startTime":1773692421864,"endTime":1773692421994.7202,"status":"passed","message":"","name":"/mnt/c/Users/Ultimate Warrior/My project/HumanDesign/tests/canonical.test.js"},{"assertionResults":[{"ancestorTitles":["daily ceiling — DB-backed atomic counter"],"fullName":"daily ceiling — DB-backed atomic counter returns null when the incremented count stays within the daily limit","status":"passed","title":"returns null when the incremented count stays within the daily limit","duration":6.810840000001917,"failureMessages":[],"meta":{}},{"ancestorTitles":["daily ceiling — DB-backed atomic counter"],"fullName":"daily ceiling — DB-backed atomic counter returns 429 when the incremented count exceeds the daily limit","status":"passed","title":"returns 429 when the incremented count exceeds the daily limit","duration":1.4852699999973993,"failureMessages":[],"meta":{}}],"startTime":1773692433923,"endTime":1773692433931.4854,"status":"passed","message":"","name":"/mnt/c/Users/Ultimate Warrior/My project/HumanDesign/tests/daily-ceiling-runtime.test.js"},{"assertionResults":[{"ancestorTitles":["Layer 1: Julian Day + Sun"],"fullName":"Layer 1: Julian Day + Sun computes correct JDN for AP birth","status":"passed","title":"computes correct JDN for AP birth","duration":2.6717399999997724,"failureMessages":[],"meta":{}},{"ancestorTitles":["Layer 1: Julian Day + Sun"],"fullName":"Layer 1: Julian Day + Sun computes Sun longitude within 0.01° of expected","status":"passed","title":"computes Sun longitude within 0.01° of expected","duration":0.47340000000076543,"failureMessages":[],"meta":{}},{"ancestorTitles":["Layer 1: Julian Day + Sun"],"fullName":"Layer 1: Julian Day + Sun handles J2000.0 epoch","status":"passed","title":"handles J2000.0 epoch","duration":0.2606400000004214,"failureMessages":[],"meta":{}},{"ancestorTitles":["Layer 1: Julian Day + Sun"],"fullName":"Layer 1: Julian Day + Sun normalizes degrees correctly","status":"passed","title":"normalizes degrees correctly","duration":0.776159999999436,"failureMessages":[],"meta":{}},{"ancestorTitles":["Layer 2: Planetary Positions"],"fullName":"Layer 2: Planetary Positions returns all 12 bodies","status":"passed","title":"returns all 12 bodies","duration":3.142260000000533,"failureMessages":[],"meta":{}},{"ancestorTitles":["Layer 2: Planetary Positions"],"fullName":"Layer 2: Planetary Positions Sun in Leo (~132.91°)","status":"passed","title":"Sun in Leo (~132.91°)","duration":0.31059000000095693,"failureMessages":[],"meta":{}},{"ancestorTitles":["Layer 2: Planetary Positions"],"fullName":"Layer 2: Planetary Positions Moon in Capricorn (~282°)","status":"passed","title":"Moon in Capricorn (~282°)","duration":0.3821399999997084,"failureMessages":[],"meta":{}},{"ancestorTitles":["Layer 2: Planetary Positions"],"fullName":"Layer 2: Planetary Positions South Node is opposite North Node","status":"passed","title":"South Node is opposite North Node","duration":0.44081999999980326,"failureMessages":[],"meta":{}},{"ancestorTitles":["Layer 3: Design Side"],"fullName":"Layer 3: Design Side finds design date in May 1979","status":"passed","title":"finds design date in May 1979","duration":0.434160000000702,"failureMessages":[],"meta":{}},{"ancestorTitles":["Layer 3: Design Side"],"fullName":"Layer 3: Design Side design Sun 88° before birth Sun","status":"passed","title":"design Sun 88° before birth Sun","duration":0.32633999999961816,"failureMessages":[],"meta":{}},{"ancestorTitles":["Layer 4: Gate/Line Lookup"],"fullName":"Layer 4: Gate/Line Lookup personality sun = Gate 33.6","status":"passed","title":"personality sun = Gate 33.6","duration":0.2796300000009069,"failureMessages":[],"meta":{}},{"ancestorTitles":["Layer 4: Gate/Line Lookup"],"fullName":"Layer 4: Gate/Line Lookup personality moon = Gate 38.4","status":"passed","title":"personality moon = Gate 38.4","duration":0.30006000000139466,"failureMessages":[],"meta":{}},{"ancestorTitles":["Layer 4: Gate/Line Lookup"],"fullName":"Layer 4: Gate/Line Lookup personality mercury = Gate 31.3","status":"passed","title":"personality mercury = Gate 31.3","duration":0.2311200000003737,"failureMessages":[],"meta":{}},{"ancestorTitles":["Layer 4: Gate/Line Lookup"],"fullName":"Layer 4: Gate/Line Lookup personality venus = Gate 31.6","status":"passed","title":"personality venus = Gate 31.6","duration":0.6497099999996863,"failureMessages":[],"meta":{}},{"ancestorTitles":["Layer 4: Gate/Line Lookup"],"fullName":"Layer 4: Gate/Line Lookup personality mars = Gate 12.6","status":"passed","title":"personality mars = Gate 12.6","duration":0.28827000000092085,"failureMessages":[],"meta":{}},{"ancestorTitles":["Layer 4: Gate/Line Lookup"],"fullName":"Layer 4: Gate/Line Lookup personality jupiter = Gate 7.6","status":"passed","title":"personality jupiter = Gate 7.6","duration":0.4685399999998481,"failureMessages":[],"meta":{}},{"ancestorTitles":["Layer 4: Gate/Line Lookup"],"fullName":"Layer 4: Gate/Line Lookup personality saturn = Gate 64.2","status":"passed","title":"personality saturn = Gate 64.2","duration":0.22814999999900465,"failureMessages":[],"meta":{}},{"ancestorTitles":["Layer 4: Gate/Line Lookup"],"fullName":"Layer 4: Gate/Line Lookup personality uranus = Gate 1.4","status":"passed","title":"personality uranus = Gate 1.4","duration":0.21230999999897904,"failureMessages":[],"meta":{}},{"ancestorTitles":["Layer 4: Gate/Line Lookup"],"fullName":"Layer 4: Gate/Line Lookup personality neptune = Gate 26.1","status":"passed","title":"personality neptune = Gate 26.1","duration":0.2689200000004348,"failureMessages":[],"meta":{}},{"ancestorTitles":["Layer 4: Gate/Line Lookup"],"fullName":"Layer 4: Gate/Line Lookup personality pluto = Gate 57.2","status":"passed","title":"personality pluto = Gate 57.2","duration":0.36107999999876483,"failureMessages":[],"meta":{}},{"ancestorTitles":["Layer 4: Gate/Line Lookup"],"fullName":"Layer 4: Gate/Line Lookup personality northNode = Gate 40.4","status":"passed","title":"personality northNode = Gate 40.4","duration":0.2532599999995,"failureMessages":[],"meta":{}},{"ancestorTitles":["Layer 4: Gate/Line Lookup"],"fullName":"Layer 4: Gate/Line Lookup personality southNode = Gate 37.4","status":"passed","title":"personality southNode = Gate 37.4","duration":0.2148299999989831,"failureMessages":[],"meta":{}},{"ancestorTitles":["Layer 4: Gate/Line Lookup"],"fullName":"Layer 4: Gate/Line Lookup personality earth = Gate 19.6","status":"passed","title":"personality earth = Gate 19.6","duration":0.4764599999998609,"failureMessages":[],"meta":{}},{"ancestorTitles":["Layer 4: Gate/Line Lookup"],"fullName":"Layer 4: Gate/Line Lookup design sun = Gate 2.2","status":"passed","title":"design sun = Gate 2.2","duration":0.3310199999996257,"failureMessages":[],"meta":{}},{"ancestorTitles":["Layer 4: Gate/Line Lookup"],"fullName":"Layer 4: Gate/Line Lookup design moon = Gate 59.6","status":"passed","title":"design moon = Gate 59.6","duration":0.80666999999994,"failureMessages":[],"meta":{}},{"ancestorTitles":["Layer 4: Gate/Line Lookup"],"fullName":"Layer 4: Gate/Line Lookup design mercury = Gate 42.2","status":"passed","title":"design mercury = Gate 42.2","duration":0.3553199999987555,"failureMessages":[],"meta":{}},{"ancestorTitles":["Layer 4: Gate/Line Lookup"],"fullName":"Layer 4: Gate/Line Lookup design venus = Gate 51.1","status":"passed","title":"design venus = Gate 51.1","duration":0.6791400000001886,"failureMessages":[],"meta":{}},{"ancestorTitles":["Layer 4: Gate/Line Lookup"],"fullName":"Layer 4: Gate/Line Lookup design mars = Gate 42.2","status":"passed","title":"design mars = Gate 42.2","duration":0.28799999999864667,"failureMessages":[],"meta":{}},{"ancestorTitles":["Layer 4: Gate/Line Lookup"],"fullName":"Layer 4: Gate/Line Lookup design jupiter = Gate 56.6","status":"passed","title":"design jupiter = Gate 56.6","duration":0.1970099999998638,"failureMessages":[],"meta":{}},{"ancestorTitles":["Layer 4: Gate/Line Lookup"],"fullName":"Layer 4: Gate/Line Lookup design saturn = Gate 40.2","status":"passed","title":"design saturn = Gate 40.2","duration":0.22752000000036787,"failureMessages":[],"meta":{}},{"ancestorTitles":["Layer 4: Gate/Line Lookup"],"fullName":"Layer 4: Gate/Line Lookup design uranus = Gate 43.1","status":"passed","title":"design uranus = Gate 43.1","duration":0.49923000000126194,"failureMessages":[],"meta":{}},{"ancestorTitles":["Layer 4: Gate/Line Lookup"],"fullName":"Layer 4: Gate/Line Lookup design neptune = Gate 26.4","status":"passed","title":"design neptune = Gate 26.4","duration":0.337680000000546,"failureMessages":[],"meta":{}},{"ancestorTitles":["Layer 4: Gate/Line Lookup"],"fullName":"Layer 4: Gate/Line Lookup design pluto = Gate 57.3","status":"passed","title":"design pluto = Gate 57.3","duration":0.3356100000000879,"failureMessages":[],"meta":{}},{"ancestorTitles":["Layer 4: Gate/Line Lookup"],"fullName":"Layer 4: Gate/Line Lookup design northNode = Gate 64.5","status":"passed","title":"design northNode = Gate 64.5","duration":0.2111399999994319,"failureMessages":[],"meta":{}},{"ancestorTitles":["Layer 4: Gate/Line Lookup"],"fullName":"Layer 4: Gate/Line Lookup design southNode = Gate 63.5","status":"passed","title":"design southNode = Gate 63.5","duration":0.2672099999999773,"failureMessages":[],"meta":{}},{"ancestorTitles":["Layer 4: Gate/Line Lookup"],"fullName":"Layer 4: Gate/Line Lookup design earth = Gate 1.2","status":"passed","title":"design earth = Gate 1.2","duration":0.2251799999994546,"failureMessages":[],"meta":{}},{"ancestorTitles":["Layer 4: Gate/Line Lookup"],"fullName":"Layer 4: Gate/Line Lookup provides color/tone/base subdivisions","status":"passed","title":"provides color/tone/base subdivisions","duration":1.2492000000002008,"failureMessages":[],"meta":{}},{"ancestorTitles":["Layer 5: Chart Determination"],"fullName":"Layer 5: Chart Determination type = Projector","status":"passed","title":"type = Projector","duration":0.20852999999988242,"failureMessages":[],"meta":{}},{"ancestorTitles":["Layer 5: Chart Determination"],"fullName":"Layer 5: Chart Determination authority = Emotional - Solar Plexus","status":"passed","title":"authority = Emotional - Solar Plexus","duration":0.2953800000013871,"failureMessages":[],"meta":{}},{"ancestorTitles":["Layer 5: Chart Determination"],"fullName":"Layer 5: Chart Determination strategy = Wait for the Invitation","status":"passed","title":"strategy = Wait for the Invitation","duration":0.22553999999945518,"failureMessages":[],"meta":{}},{"ancestorTitles":["Layer 5: Chart Determination"],"fullName":"Layer 5: Chart Determination not-self theme = Bitterness","status":"passed","title":"not-self theme = Bitterness","duration":0.17172000000027765,"failureMessages":[],"meta":{}},{"ancestorTitles":["Layer 5: Chart Determination"],"fullName":"Layer 5: Chart Determination profile = 6/2","status":"passed","title":"profile = 6/2","duration":0.20636999999987893,"failureMessages":[],"meta":{}},{"ancestorTitles":["Layer 5: Chart Determination"],"fullName":"Layer 5: Chart Determination definition = Split Definition","status":"passed","title":"definition = Split Definition","duration":0.27980999999999767,"failureMessages":[],"meta":{}},{"ancestorTitles":["Layer 5: Chart Determination"],"fullName":"Layer 5: Chart Determination cross = Left Angle Cross [33,19,2,1]","status":"passed","title":"cross = Left Angle Cross [33,19,2,1]","duration":1.2281399999992573,"failureMessages":[],"meta":{}},{"ancestorTitles":["Layer 5: Chart Determination"],"fullName":"Layer 5: Chart Determination has channels 7-31 and 37-40","status":"passed","title":"has channels 7-31 and 37-40","duration":1.4586299999991752,"failureMessages":[],"meta":{}},{"ancestorTitles":["Layer 5: Chart Determination"],"fullName":"Layer 5: Chart Determination defines G, Throat, Heart, SolarPlexus","status":"passed","title":"defines G, Throat, Heart, SolarPlexus","duration":0.8739000000005035,"failureMessages":[],"meta":{}},{"ancestorTitles":["Layer 5: Chart Determination"],"fullName":"Layer 5: Chart Determination two connected components (Split)","status":"passed","title":"two connected components (Split)","duration":0.7548299999998562,"failureMessages":[],"meta":{}},{"ancestorTitles":["Layer 5: Chart Determination (0921 Anchor)"],"fullName":"Layer 5: Chart Determination (0921 Anchor) type = Manifesting Generator","status":"passed","title":"type = Manifesting Generator","duration":0.1908000000003085,"failureMessages":[],"meta":{}},{"ancestorTitles":["Layer 5: Chart Determination (0921 Anchor)"],"fullName":"Layer 5: Chart Determination (0921 Anchor) authority = Emotional - Solar Plexus","status":"passed","title":"authority = Emotional - Solar Plexus","duration":0.17298000000118918,"failureMessages":[],"meta":{}},{"ancestorTitles":["Layer 5: Chart Determination (0921 Anchor)"],"fullName":"Layer 5: Chart Determination (0921 Anchor) profile = 1/3","status":"passed","title":"profile = 1/3","duration":0.16740000000027067,"failureMessages":[],"meta":{}},{"ancestorTitles":["Layer 5: Chart Determination (0921 Anchor)"],"fullName":"Layer 5: Chart Determination (0921 Anchor) P Sun = Gate 46 Line 1","status":"passed","title":"P Sun = Gate 46 Line 1","duration":0.3191399999996065,"failureMessages":[],"meta":{}},{"ancestorTitles":["Layer 5: Chart Determination (0921 Anchor)"],"fullName":"Layer 5: Chart Determination (0921 Anchor) D Sun = Gate 15 Line 3","status":"passed","title":"D Sun = Gate 15 Line 3","duration":0.23130000000128348,"failureMessages":[],"meta":{}},{"ancestorTitles":["Layer 5: Chart Determination (0921 Anchor)"],"fullName":"Layer 5: Chart Determination (0921 Anchor) cross = Right Angle Cross","status":"passed","title":"cross = Right Angle Cross","duration":0.7080299999997806,"failureMessages":[],"meta":{}},{"ancestorTitles":["Layer 6: Western Astrology"],"fullName":"Layer 6: Western Astrology Sun in Leo","status":"passed","title":"Sun in Leo","duration":0.22652999999991152,"failureMessages":[],"meta":{}},{"ancestorTitles":["Layer 6: Western Astrology"],"fullName":"Layer 6: Western Astrology Ascendant in Capricorn","status":"passed","title":"Ascendant in Capricorn","duration":0.16767000000072585,"failureMessages":[],"meta":{}},{"ancestorTitles":["Layer 6: Western Astrology"],"fullName":"Layer 6: Western Astrology Midheaven in Scorpio","status":"passed","title":"Midheaven in Scorpio","duration":0.33084000000053493,"failureMessages":[],"meta":{}},{"ancestorTitles":["Layer 6: Western Astrology"],"fullName":"Layer 6: Western Astrology house cusps are monotonically ordered","status":"passed","title":"house cusps are monotonically ordered","duration":1.7551800000001094,"failureMessages":[],"meta":{}},{"ancestorTitles":["Layer 6: Western Astrology"],"fullName":"Layer 6: Western Astrology Sun in House 7 (evening birth)","status":"passed","title":"Sun in House 7 (evening birth)","duration":0.23544000000038068,"failureMessages":[],"meta":{}},{"ancestorTitles":["Layer 6: Western Astrology"],"fullName":"Layer 6: Western Astrology Moon in House 12 (near ASC)","status":"passed","title":"Moon in House 12 (near ASC)","duration":0.17342999999891617,"failureMessages":[],"meta":{}},{"ancestorTitles":["Layer 6: Western Astrology"],"fullName":"Layer 6: Western Astrology finds natal aspects","status":"passed","title":"finds natal aspects","duration":0.16020000000025902,"failureMessages":[],"meta":{}},{"ancestorTitles":["Layer 6: Western Astrology"],"fullName":"Layer 6: Western Astrology has all 12 house cusps","status":"passed","title":"has all 12 house cusps","duration":1.6906500000004598,"failureMessages":[],"meta":{}},{"ancestorTitles":["Layer 7: Transits","getCurrentTransits"],"fullName":"Layer 7: Transits getCurrentTransits returns transit date","status":"passed","title":"returns transit date","duration":0.39681000000018685,"failureMessages":[],"meta":{}},{"ancestorTitles":["Layer 7: Transits","getCurrentTransits"],"fullName":"Layer 7: Transits getCurrentTransits transit Sun in Gemini mid-June","status":"passed","title":"transit Sun in Gemini mid-June","duration":0.2574899999999616,"failureMessages":[],"meta":{}},{"ancestorTitles":["Layer 7: Transits","getCurrentTransits"],"fullName":"Layer 7: Transits getCurrentTransits has gate activations for all 14 bodies","status":"passed","title":"has gate activations for all 14 bodies","duration":0.276929999999993,"failureMessages":[],"meta":{}},{"ancestorTitles":["Layer 7: Transits","getCurrentTransits"],"fullName":"Layer 7: Transits getCurrentTransits identifies natal gate matches","status":"passed","title":"identifies natal gate matches","duration":0.24866999999903783,"failureMessages":[],"meta":{}},{"ancestorTitles":["Layer 7: Transits","getCurrentTransits"],"fullName":"Layer 7: Transits getCurrentTransits calculates transit-to-natal aspects","status":"passed","title":"calculates transit-to-natal aspects","duration":0.2267100000008213,"failureMessages":[],"meta":{}},{"ancestorTitles":["Layer 7: Transits","getCurrentTransits"],"fullName":"Layer 7: Transits getCurrentTransits aspect objects have required fields","status":"passed","title":"aspect objects have required fields","duration":0.39888000000064494,"failureMessages":[],"meta":{}},{"ancestorTitles":["Layer 7: Transits","getTransitForecast"],"fullName":"Layer 7: Transits getTransitForecast covers 31 days","status":"passed","title":"covers 31 days","duration":0.2226600000012695,"failureMessages":[],"meta":{}},{"ancestorTitles":["Layer 7: Transits","getTransitForecast"],"fullName":"Layer 7: Transits getTransitForecast finds gate ingresses","status":"passed","title":"finds gate ingresses","duration":0.1628100000016275,"failureMessages":[],"meta":{}},{"ancestorTitles":["Layer 7: Transits","getTransitForecast"],"fullName":"Layer 7: Transits getTransitForecast events have date and description","status":"passed","title":"events have date and description","duration":1.2777299999997922,"failureMessages":[],"meta":{}},{"ancestorTitles":["Layer 7: Transits","getTransitForecast"],"fullName":"Layer 7: Transits getTransitForecast caps forecast at 366 days","status":"passed","title":"caps forecast at 366 days","duration":153.73629000000074,"failureMessages":[],"meta":{}},{"ancestorTitles":["Layer 8: Synthesis"],"fullName":"Layer 8: Synthesis builds prompt with correct model config","status":"passed","title":"builds prompt with correct model config","duration":73.42848000000049,"failureMessages":[],"meta":{}},{"ancestorTitles":["Layer 8: Synthesis"],"fullName":"Layer 8: Synthesis uses Sonnet for questions","status":"passed","title":"uses Sonnet for questions","duration":1.839959999999337,"failureMessages":[],"meta":{}},{"ancestorTitles":["Layer 8: Synthesis"],"fullName":"Layer 8: Synthesis includes reference facts with HD data","status":"passed","title":"includes reference facts with HD data","duration":2.056590000000142,"failureMessages":[],"meta":{}},{"ancestorTitles":["Layer 8: Synthesis"],"fullName":"Layer 8: Synthesis includes astrology data","status":"passed","title":"includes astrology data","duration":0.9876599999988684,"failureMessages":[],"meta":{}},{"ancestorTitles":["Layer 8: Synthesis"],"fullName":"Layer 8: Synthesis includes deterministic Forge identification","status":"passed","title":"includes deterministic Forge identification","duration":0.8223299999990559,"failureMessages":[],"meta":{}},{"ancestorTitles":["Layer 8: Synthesis","validateSynthesisResponse"],"fullName":"Layer 8: Synthesis validateSynthesisResponse accepts valid response","status":"passed","title":"accepts valid response","duration":0.6296399999991991,"failureMessages":[],"meta":{}},{"ancestorTitles":["Layer 8: Synthesis","validateSynthesisResponse"],"fullName":"Layer 8: Synthesis validateSynthesisResponse rejects missing quickStartGuide","status":"passed","title":"rejects missing quickStartGuide","duration":0.31248000000050524,"failureMessages":[],"meta":{}},{"ancestorTitles":["Layer 8: Synthesis","validateSynthesisResponse"],"fullName":"Layer 8: Synthesis validateSynthesisResponse rejects invalid forge","status":"passed","title":"rejects invalid forge","duration":0.3995100000011007,"failureMessages":[],"meta":{}},{"ancestorTitles":["Layer 8: Synthesis","validateSynthesisResponse"],"fullName":"Layer 8: Synthesis validateSynthesisResponse rejects incomplete grounding","status":"passed","title":"rejects incomplete grounding","duration":0.2710799999986193,"failureMessages":[],"meta":{}},{"ancestorTitles":["Layer 8: Synthesis","validateSynthesisResponse"],"fullName":"Layer 8: Synthesis validateSynthesisResponse parses JSON string input","status":"passed","title":"parses JSON string input","duration":0.3313799999996263,"failureMessages":[],"meta":{}},{"ancestorTitles":["Edge Cases"],"fullName":"Edge Cases handles birth at midnight UTC","status":"passed","title":"handles birth at midnight UTC","duration":0.2991600000004837,"failureMessages":[],"meta":{}},{"ancestorTitles":["Edge Cases"],"fullName":"Edge Cases handles high latitude (60°N)","status":"passed","title":"handles high latitude (60°N)","duration":1.9146600000003673,"failureMessages":[],"meta":{}},{"ancestorTitles":["Edge Cases"],"fullName":"Edge Cases handles southern hemisphere (-33.87°S)","status":"passed","title":"handles southern hemisphere (-33.87°S)","duration":0.7518600000003062,"failureMessages":[],"meta":{}},{"ancestorTitles":["Edge Cases"],"fullName":"Edge Cases gate lookup wraps around 360°","status":"passed","title":"gate lookup wraps around 360°","duration":0.3213899999991554,"failureMessages":[],"meta":{}},{"ancestorTitles":["Edge Cases"],"fullName":"Edge Cases transit forecast with no matching target gates","status":"passed","title":"transit forecast with no matching target gates","duration":2.500739999999496,"failureMessages":[],"meta":{}},{"ancestorTitles":["Type Determination — All 5 Types"],"fullName":"Type Determination — All 5 Types Reflector: no defined centers","status":"passed","title":"Reflector: no defined centers","duration":0.9658799999997427,"failureMessages":[],"meta":{}},{"ancestorTitles":["Type Determination — All 5 Types"],"fullName":"Type Determination — All 5 Types Generator: Sacral defined, no motor→Throat","status":"passed","title":"Generator: Sacral defined, no motor→Throat","duration":0.983700000000681,"failureMessages":[],"meta":{}},{"ancestorTitles":["Type Determination — All 5 Types"],"fullName":"Type Determination — All 5 Types Manifesting Generator: Sacral defined + motor→Throat","status":"passed","title":"Manifesting Generator: Sacral defined + motor→Throat","duration":0.6731099999997241,"failureMessages":[],"meta":{}},{"ancestorTitles":["Type Determination — All 5 Types"],"fullName":"Type Determination — All 5 Types Manifestor: no Sacral, motor→Throat","status":"passed","title":"Manifestor: no Sacral, motor→Throat","duration":1.0491299999994226,"failureMessages":[],"meta":{}},{"ancestorTitles":["Type Determination — All 5 Types"],"fullName":"Type Determination — All 5 Types Projector: no Sacral, no motor→Throat, centers defined","status":"passed","title":"Projector: no Sacral, no motor→Throat, centers defined","duration":0.8767800000005082,"failureMessages":[],"meta":{}},{"ancestorTitles":["Authority Variants"],"fullName":"Authority Variants Emotional authority (SolarPlexus defined)","status":"passed","title":"Emotional authority (SolarPlexus defined)","duration":0.24992999999994936,"failureMessages":[],"meta":{}},{"ancestorTitles":["Authority Variants"],"fullName":"Authority Variants Sacral authority (Sacral defined, no SolarPlexus)","status":"passed","title":"Sacral authority (Sacral defined, no SolarPlexus)","duration":0.26424000000042724,"failureMessages":[],"meta":{}},{"ancestorTitles":["Authority Variants"],"fullName":"Authority Variants Splenic authority (Spleen defined, no SolarPlexus/Sacral)","status":"passed","title":"Splenic authority (Spleen defined, no SolarPlexus/Sacral)","duration":0.36098999999921944,"failureMessages":[],"meta":{}},{"ancestorTitles":["Authority Variants"],"fullName":"Authority Variants Ego Manifested authority (Heart→Throat, Manifestor)","status":"passed","title":"Ego Manifested authority (Heart→Throat, Manifestor)","duration":0.2916000000004715,"failureMessages":[],"meta":{}},{"ancestorTitles":["Authority Variants"],"fullName":"Authority Variants Ego Projected authority (Heart defined, NOT connected to Throat)","status":"passed","title":"Ego Projected authority (Heart defined, NOT connected to Throat)","duration":0.317430000000968,"failureMessages":[],"meta":{}},{"ancestorTitles":["Authority Variants"],"fullName":"Authority Variants Self-Projected authority (G defined, no SolarPlexus/Sacral/Spleen/Heart)","status":"passed","title":"Self-Projected authority (G defined, no SolarPlexus/Sacral/Spleen/Heart)","duration":0.29654999999911524,"failureMessages":[],"meta":{}},{"ancestorTitles":["Authority Variants"],"fullName":"Authority Variants Mental (None) authority (only Head/Ajna defined)","status":"passed","title":"Mental (None) authority (only Head/Ajna defined)","duration":0.2727000000013504,"failureMessages":[],"meta":{}},{"ancestorTitles":["Authority Variants"],"fullName":"Authority Variants Lunar authority (Reflector)","status":"passed","title":"Lunar authority (Reflector)","duration":0.293310000000929,"failureMessages":[],"meta":{}},{"ancestorTitles":["Definition Variants"],"fullName":"Definition Variants None definition (Reflector)","status":"passed","title":"None definition (Reflector)","duration":0.2617199999986042,"failureMessages":[],"meta":{}},{"ancestorTitles":["Definition Variants"],"fullName":"Definition Variants Single Definition (one connected group)","status":"passed","title":"Single Definition (one connected group)","duration":0.42110999999931664,"failureMessages":[],"meta":{}},{"ancestorTitles":["Definition Variants"],"fullName":"Definition Variants Split Definition (two separate groups)","status":"passed","title":"Split Definition (two separate groups)","duration":0.4324499999984255,"failureMessages":[],"meta":{}},{"ancestorTitles":["Definition Variants"],"fullName":"Definition Variants Triple Split Definition (three separate groups)","status":"passed","title":"Triple Split Definition (three separate groups)","duration":0.3953700000001845,"failureMessages":[],"meta":{}},{"ancestorTitles":["Layer 12: Mayan Tzolkin (Dreamspell)"],"fullName":"Layer 12: Mayan Tzolkin (Dreamspell) returns correct kin for AP birth vector","status":"passed","title":"returns correct kin for AP birth vector","duration":0.17342999999891617,"failureMessages":[],"meta":{}},{"ancestorTitles":["Layer 12: Mayan Tzolkin (Dreamspell)"],"fullName":"Layer 12: Mayan Tzolkin (Dreamspell) kin is always in range 1–260","status":"passed","title":"kin is always in range 1–260","duration":0.21041999999943073,"failureMessages":[],"meta":{}},{"ancestorTitles":["Layer 12: Mayan Tzolkin (Dreamspell)"],"fullName":"Layer 12: Mayan Tzolkin (Dreamspell) returns seal as camelCase key matching sealName","status":"passed","title":"returns seal as camelCase key matching sealName","duration":0.38664000000062515,"failureMessages":[],"meta":{}},{"ancestorTitles":["Layer 12: Mayan Tzolkin (Dreamspell)"],"fullName":"Layer 12: Mayan Tzolkin (Dreamspell) returns correct tone for AP birth vector","status":"passed","title":"returns correct tone for AP birth vector","duration":0.42912000000069384,"failureMessages":[],"meta":{}},{"ancestorTitles":["Layer 12: Mayan Tzolkin (Dreamspell)"],"fullName":"Layer 12: Mayan Tzolkin (Dreamspell) tone is always in range 1–13","status":"passed","title":"tone is always in range 1–13","duration":0.2047500000007858,"failureMessages":[],"meta":{}},{"ancestorTitles":["Layer 12: Mayan Tzolkin (Dreamspell)"],"fullName":"Layer 12: Mayan Tzolkin (Dreamspell) wavespell is in range 1–20 and signature is composed correctly","status":"passed","title":"wavespell is in range 1–20 and signature is composed correctly","duration":0.3337200000005396,"failureMessages":[],"meta":{}},{"ancestorTitles":["Layer 12: Mayan Tzolkin (Dreamspell)"],"fullName":"Layer 12: Mayan Tzolkin (Dreamspell) produces different kin for a different birth date","status":"passed","title":"produces different kin for a different birth date","duration":0.6452100000005885,"failureMessages":[],"meta":{}},{"ancestorTitles":["Layer 12: Mayan Tzolkin (Dreamspell)"],"fullName":"Layer 12: Mayan Tzolkin (Dreamspell) kin cycles correctly — 260 days later kin is identical","status":"passed","title":"kin cycles correctly — 260 days later kin is identical","duration":0.5689800000000105,"failureMessages":[],"meta":{}},{"ancestorTitles":["Layer 13: BaZi — Four Pillars"],"fullName":"Layer 13: BaZi — Four Pillars returns all four pillars","status":"passed","title":"returns all four pillars","duration":0.45657000000028347,"failureMessages":[],"meta":{}},{"ancestorTitles":["Layer 13: BaZi — Four Pillars"],"fullName":"Layer 13: BaZi — Four Pillars year pillar is Ji-Wei (己未) for Aug 1979","status":"passed","title":"year pillar is Ji-Wei (己未) for Aug 1979","duration":0.2369699999999284,"failureMessages":[],"meta":{}},{"ancestorTitles":["Layer 13: BaZi — Four Pillars"],"fullName":"Layer 13: BaZi — Four Pillars each pillar has stem and branch with required fields","status":"passed","title":"each pillar has stem and branch with required fields","duration":1.760309999999663,"failureMessages":[],"meta":{}},{"ancestorTitles":["Layer 13: BaZi — Four Pillars"],"fullName":"Layer 13: BaZi — Four Pillars day master is Guǐ (Yin Water) for AP birth vector","status":"passed","title":"day master is Guǐ (Yin Water) for AP birth vector","duration":0.5269500000013068,"failureMessages":[],"meta":{}},{"ancestorTitles":["Layer 13: BaZi — Four Pillars"],"fullName":"Layer 13: BaZi — Four Pillars elementBalance has counts object with all 5 elements","status":"passed","title":"elementBalance has counts object with all 5 elements","duration":0.4464000000007218,"failureMessages":[],"meta":{}},{"ancestorTitles":["Layer 13: BaZi — Four Pillars"],"fullName":"Layer 13: BaZi — Four Pillars elementBalance totals exactly 8 (4 stems + 4 branches)","status":"passed","title":"elementBalance totals exactly 8 (4 stems + 4 branches)","duration":0.24020999999993364,"failureMessages":[],"meta":{}},{"ancestorTitles":["Layer 13: BaZi — Four Pillars"],"fullName":"Layer 13: BaZi — Four Pillars elementBalance has correct dominant and lacking for AP vector","status":"passed","title":"elementBalance has correct dominant and lacking for AP vector","duration":0.21447000000080152,"failureMessages":[],"meta":{}},{"ancestorTitles":["Layer 13: BaZi — Four Pillars"],"fullName":"Layer 13: BaZi — Four Pillars Feb 3 vs Feb 4 2000: year changes at Lì Chūn boundary","status":"passed","title":"Feb 3 vs Feb 4 2000: year changes at Lì Chūn boundary","duration":0.7594200000003184,"failureMessages":[],"meta":{}},{"ancestorTitles":["Layer 14: Sabian Symbols"],"fullName":"Layer 14: Sabian Symbols returns symbol data for all four points","status":"passed","title":"returns symbol data for all four points","duration":0.4217399999997724,"failureMessages":[],"meta":{}},{"ancestorTitles":["Layer 14: Sabian Symbols"],"fullName":"Layer 14: Sabian Symbols Sun Sabian is Leo 13° for AP birth vector","status":"passed","title":"Sun Sabian is Leo 13° for AP birth vector","duration":0.9269100000001345,"failureMessages":[],"meta":{}},{"ancestorTitles":["Layer 14: Sabian Symbols"],"fullName":"Layer 14: Sabian Symbols Moon Sabian is Capricorn 13° for AP birth vector","status":"passed","title":"Moon Sabian is Capricorn 13° for AP birth vector","duration":0.6756299999997282,"failureMessages":[],"meta":{}},{"ancestorTitles":["Layer 14: Sabian Symbols"],"fullName":"Layer 14: Sabian Symbols each point has all required fields","status":"passed","title":"each point has all required fields","duration":2.1775500000003376,"failureMessages":[],"meta":{}},{"ancestorTitles":["Layer 14: Sabian Symbols"],"fullName":"Layer 14: Sabian Symbols absolute degree maps to correct sign and degree-in-sign","status":"passed","title":"absolute degree maps to correct sign and degree-in-sign","duration":0.4263300000002346,"failureMessages":[],"meta":{}},{"ancestorTitles":["Layer 14: Sabian Symbols"],"fullName":"Layer 14: Sabian Symbols display string includes sign and degree","status":"passed","title":"display string includes sign and degree","duration":0.2891700000000128,"failureMessages":[],"meta":{}},{"ancestorTitles":["Layer 15: Chiron"],"fullName":"Layer 15: Chiron returns correct sign for AP birth vector","status":"passed","title":"returns correct sign for AP birth vector","duration":0.3175200000005134,"failureMessages":[],"meta":{}},{"ancestorTitles":["Layer 15: Chiron"],"fullName":"Layer 15: Chiron returns longitude in valid range","status":"passed","title":"returns longitude in valid range","duration":0.35630999999921187,"failureMessages":[],"meta":{}},{"ancestorTitles":["Layer 15: Chiron"],"fullName":"Layer 15: Chiron returns house 9 for AP birth vector (not default 1)","status":"passed","title":"returns house 9 for AP birth vector (not default 1)","duration":0.3114900000000489,"failureMessages":[],"meta":{}},{"ancestorTitles":["Layer 15: Chiron"],"fullName":"Layer 15: Chiron returns KB archetype fields from chiron.json","status":"passed","title":"returns KB archetype fields from chiron.json","duration":1.5598800000007031,"failureMessages":[],"meta":{}},{"ancestorTitles":["Layer 15: Chiron"],"fullName":"Layer 15: Chiron archetype is \"The Wounded Diplomat\" for Chiron in Libra","status":"passed","title":"archetype is \"The Wounded Diplomat\" for Chiron in Libra","duration":0.3078900000000431,"failureMessages":[],"meta":{}},{"ancestorTitles":["Layer 15: Chiron"],"fullName":"Layer 15: Chiron returns signIndex and degrees fields","status":"passed","title":"returns signIndex and degrees fields","duration":7.437870000001567,"failureMessages":[],"meta":{}},{"ancestorTitles":["Layer 15: Chiron"],"fullName":"Layer 15: Chiron handles missing chiron longitude gracefully","status":"passed","title":"handles missing chiron longitude gracefully","duration":0.3799800000015239,"failureMessages":[],"meta":{}},{"ancestorTitles":["Layer 15: Chiron"],"fullName":"Layer 15: Chiron works with null houses — returns house null not 1","status":"passed","title":"works with null houses — returns house null not 1","duration":0.6163199999991775,"failureMessages":[],"meta":{}},{"ancestorTitles":["Layer 16: Black Moon Lilith"],"fullName":"Layer 16: Black Moon Lilith returns correct sign for AP birth vector","status":"passed","title":"returns correct sign for AP birth vector","duration":0.2750400000004447,"failureMessages":[],"meta":{}},{"ancestorTitles":["Layer 16: Black Moon Lilith"],"fullName":"Layer 16: Black Moon Lilith returns longitude in valid range","status":"passed","title":"returns longitude in valid range","duration":0.37242000000151165,"failureMessages":[],"meta":{}},{"ancestorTitles":["Layer 16: Black Moon Lilith"],"fullName":"Layer 16: Black Moon Lilith returns house 8 for AP birth vector (not default 1)","status":"passed","title":"returns house 8 for AP birth vector (not default 1)","duration":0.48329999999987194,"failureMessages":[],"meta":{}},{"ancestorTitles":["Layer 16: Black Moon Lilith"],"fullName":"Layer 16: Black Moon Lilith returns KB archetype fields from lilith.json","status":"passed","title":"returns KB archetype fields from lilith.json","duration":0.4718699999993987,"failureMessages":[],"meta":{}},{"ancestorTitles":["Layer 16: Black Moon Lilith"],"fullName":"Layer 16: Black Moon Lilith archetype is \"The Untamed Priestess\" for Lilith in Virgo","status":"passed","title":"archetype is \"The Untamed Priestess\" for Lilith in Virgo","duration":0.18594000000121014,"failureMessages":[],"meta":{}},{"ancestorTitles":["Layer 16: Black Moon Lilith"],"fullName":"Layer 16: Black Moon Lilith J2000 epoch returns Sagittarius at ~263.35°","status":"passed","title":"J2000 epoch returns Sagittarius at ~263.35°","duration":0.39483000000109314,"failureMessages":[],"meta":{}},{"ancestorTitles":["Layer 16: Black Moon Lilith"],"fullName":"Layer 16: Black Moon Lilith longitude advances with time — different JDNs give different positions","status":"passed","title":"longitude advances with time — different JDNs give different positions","duration":0.3510900000001129,"failureMessages":[],"meta":{}},{"ancestorTitles":["Layer 16: Black Moon Lilith"],"fullName":"Layer 16: Black Moon Lilith handles null jdn gracefully","status":"passed","title":"handles null jdn gracefully","duration":0.18414000000120723,"failureMessages":[],"meta":{}}],"startTime":1773692418456,"endTime":1773692418782.184,"status":"passed","message":"","name":"/mnt/c/Users/Ultimate Warrior/My project/HumanDesign/tests/engine.test.js"},{"assertionResults":[{"ancestorTitles":["CTO-008: error-path coverage","analytics handler auth"],"fullName":"CTO-008: error-path coverage analytics handler auth audit token bypass: X-Audit-Token skips user auth entirely","status":"passed","title":"audit token bypass: X-Audit-Token skips user auth entirely","duration":1265.3845199999996,"failureMessages":[],"meta":{}},{"ancestorTitles":["CTO-008: error-path coverage","analytics handler auth"],"fullName":"CTO-008: error-path coverage analytics handler auth wrong audit token with no JWT returns 401","status":"passed","title":"wrong audit token with no JWT returns 401","duration":3.318119999999908,"failureMessages":[],"meta":{}},{"ancestorTitles":["CTO-008: error-path coverage","analytics handler auth"],"fullName":"CTO-008: error-path coverage analytics handler auth user with JWT but free tier gets 403 (DB lookup, not JWT claim)","status":"passed","title":"user with JWT but free tier gets 403 (DB lookup, not JWT claim)","duration":4.324860000000626,"failureMessages":[],"meta":{}},{"ancestorTitles":["CTO-008: error-path coverage","analytics handler auth"],"fullName":"CTO-008: error-path coverage analytics handler auth practitioner user gets 200 via DB tier lookup","status":"passed","title":"practitioner user gets 200 via DB tier lookup","duration":5.780790000000707,"failureMessages":[],"meta":{}},{"ancestorTitles":["CTO-008: error-path coverage","cron withTimeout helper"],"fullName":"CTO-008: error-path coverage cron withTimeout helper resolves with the value when promise completes within timeout","status":"passed","title":"resolves with the value when promise completes within timeout","duration":0.4523399999998219,"failureMessages":[],"meta":{}},{"ancestorTitles":["CTO-008: error-path coverage","cron withTimeout helper"],"fullName":"CTO-008: error-path coverage cron withTimeout helper rejects with a labelled timeout error when promise hangs","status":"passed","title":"rejects with a labelled timeout error when promise hangs","duration":51.85385999999926,"failureMessages":[],"meta":{}},{"ancestorTitles":["CTO-008: error-path coverage","DB query structured logging format contract"],"fullName":"CTO-008: error-path coverage DB query structured logging format contract db_query_error entries contain event, durationMs, attempt, code, message","status":"passed","title":"db_query_error entries contain event, durationMs, attempt, code, message","duration":1.240829999998823,"failureMessages":[],"meta":{}},{"ancestorTitles":["CTO-008: error-path coverage","DB query structured logging format contract"],"fullName":"CTO-008: error-path coverage DB query structured logging format contract txn_rollback_failed entries contain event, code, message","status":"passed","title":"txn_rollback_failed entries contain event, code, message","duration":0.6871499999997468,"failureMessages":[],"meta":{}},{"ancestorTitles":["CTO-008: error-path coverage","DB query structured logging format contract"],"fullName":"CTO-008: error-path coverage DB query structured logging format contract slow_query warning fires when durationMs exceeds 1000ms threshold","status":"passed","title":"slow_query warning fires when durationMs exceeds 1000ms threshold","duration":0.5533200000008947,"failureMessages":[],"meta":{}},{"ancestorTitles":["CTO-008: error-path coverage","subscription downgrade deduplication (CFO-005)"],"fullName":"CTO-008: error-path coverage subscription downgrade deduplication (CFO-005) cancelExpiredSubscription returns empty rows when sub already canceled — no user tier update","status":"passed","title":"cancelExpiredSubscription returns empty rows when sub already canceled — no user tier update","duration":1.2159899999987829,"failureMessages":[],"meta":{}},{"ancestorTitles":["CTO-008: error-path coverage","subscription downgrade deduplication (CFO-005)"],"fullName":"CTO-008: error-path coverage subscription downgrade deduplication (CFO-005) cancelExpiredSubscription downgrades user when sub is still active","status":"passed","title":"cancelExpiredSubscription downgrades user when sub is still active","duration":0.7859700000008161,"failureMessages":[],"meta":{}},{"ancestorTitles":["CTO-008: error-path coverage","webhook ghost subscription handling"],"fullName":"CTO-008: error-path coverage webhook ghost subscription handling ghost subscription scenario: no DB record → logs GHOST SUBSCRIPTION, does not re-throw","status":"passed","title":"ghost subscription scenario: no DB record → logs GHOST SUBSCRIPTION, does not re-throw","duration":0.9943200000016077,"failureMessages":[],"meta":{}},{"ancestorTitles":["CTO-008: error-path coverage","health endpoint degradation (CIO-004)"],"fullName":"CTO-008: error-path coverage health endpoint degradation (CIO-004) returns status=degraded and HTTP 503 when any dependency fails","status":"passed","title":"returns status=degraded and HTTP 503 when any dependency fails","duration":0.5168699999994715,"failureMessages":[],"meta":{}},{"ancestorTitles":["CTO-008: error-path coverage","health endpoint degradation (CIO-004)"],"fullName":"CTO-008: error-path coverage health endpoint degradation (CIO-004) returns status=ok and HTTP 200 when all dependencies healthy","status":"passed","title":"returns status=ok and HTTP 200 when all dependencies healthy","duration":0.5985899999996036,"failureMessages":[],"meta":{}}],"startTime":1773692416204,"endTime":1773692417542.5986,"status":"passed","message":"","name":"/mnt/c/Users/Ultimate Warrior/My project/HumanDesign/tests/error-paths.test.js"},{"assertionResults":[{"ancestorTitles":["handled route error pipeline"],"fullName":"handled route error pipeline reports handled route errors through analytics, sentry, and request correlation","status":"passed","title":"reports handled route errors through analytics, sentry, and request correlation","duration":13.278330000001006,"failureMessages":[],"meta":{}},{"ancestorTitles":["handled route error pipeline"],"fullName":"handled route error pipeline routes practitioner handler failures through the shared handled-error reporter","status":"passed","title":"routes practitioner handler failures through the shared handled-error reporter","duration":4.297500000000582,"failureMessages":[],"meta":{}}],"startTime":1773692428382,"endTime":1773692428399.2976,"status":"passed","message":"","name":"/mnt/c/Users/Ultimate Warrior/My project/HumanDesign/tests/handled-route-errors.test.js"},{"assertionResults":[{"ancestorTitles":["handleAgency — auth and routing"],"fullName":"handleAgency — auth and routing returns 401 when _user is not set","status":"passed","title":"returns 401 when _user is not set","duration":2.9784600000020873,"failureMessages":[],"meta":{}},{"ancestorTitles":["handleAgency — auth and routing"],"fullName":"handleAgency — auth and routing returns 404 for unknown subpath","status":"passed","title":"returns 404 for unknown subpath","duration":1.1226600000009057,"failureMessages":[],"meta":{}},{"ancestorTitles":["handleAgency — auth and routing"],"fullName":"handleAgency — auth and routing returns 400 for invite with invalid email","status":"passed","title":"returns 400 for invite with invalid email","duration":1.5857099999993807,"failureMessages":[],"meta":{}},{"ancestorTitles":["handleAgency — auth and routing"],"fullName":"handleAgency — auth and routing returns 400 for invite with missing email","status":"passed","title":"returns 400 for invite with missing email","duration":0.8103599999994913,"failureMessages":[],"meta":{}},{"ancestorTitles":["handleCheckinCreate — auth and validation"],"fullName":"handleCheckinCreate — auth and validation returns 401 when user is not authenticated","status":"passed","title":"returns 401 when user is not authenticated","duration":0.8036099999990256,"failureMessages":[],"meta":{}},{"ancestorTitles":["handleCheckinCreate — auth and validation"],"fullName":"handleCheckinCreate — auth and validation returns 400 when alignmentScore is missing","status":"passed","title":"returns 400 when alignmentScore is missing","duration":1.088820000000851,"failureMessages":[],"meta":{}},{"ancestorTitles":["handleCheckinCreate — auth and validation"],"fullName":"handleCheckinCreate — auth and validation returns 400 when alignmentScore is out of range","status":"passed","title":"returns 400 when alignmentScore is out of range","duration":0.9536399999997229,"failureMessages":[],"meta":{}},{"ancestorTitles":["handleCheckinCreate — auth and validation"],"fullName":"handleCheckinCreate — auth and validation returns 400 when followedStrategy is not boolean","status":"passed","title":"returns 400 when followedStrategy is not boolean","duration":0.8798400000014226,"failureMessages":[],"meta":{}},{"ancestorTitles":["handleCheckinCreate — auth and validation"],"fullName":"handleCheckinCreate — auth and validation returns 400 when mood is invalid","status":"passed","title":"returns 400 when mood is invalid","duration":0.903149999998277,"failureMessages":[],"meta":{}},{"ancestorTitles":["handleCheckinCreate — auth and validation"],"fullName":"handleCheckinCreate — auth and validation returns 400 when notes exceed 2000 characters","status":"passed","title":"returns 400 when notes exceed 2000 characters","duration":0.9765000000006694,"failureMessages":[],"meta":{}},{"ancestorTitles":["handleGetAchievements — auth"],"fullName":"handleGetAchievements — auth returns 401 when user is not authenticated","status":"passed","title":"returns 401 when user is not authenticated","duration":0.932489999999234,"failureMessages":[],"meta":{}},{"ancestorTitles":["handleListNotes — auth (null guard fix)"],"fullName":"handleListNotes — auth (null guard fix) returns 401 when _user is undefined","status":"passed","title":"returns 401 when _user is undefined","duration":0.7533000000003085,"failureMessages":[],"meta":{}},{"ancestorTitles":["handleListNotes — auth (null guard fix)"],"fullName":"handleListNotes — auth (null guard fix) returns 401 when _user.sub is missing","status":"passed","title":"returns 401 when _user.sub is missing","duration":0.5233500000031199,"failureMessages":[],"meta":{}},{"ancestorTitles":["handleCreateNote — auth and validation"],"fullName":"handleCreateNote — auth and validation returns 401 when _user is undefined","status":"passed","title":"returns 401 when _user is undefined","duration":0.953190000000177,"failureMessages":[],"meta":{}}],"startTime":1773692429908,"endTime":1773692429924.9531,"status":"passed","message":"","name":"/mnt/c/Users/Ultimate Warrior/My project/HumanDesign/tests/handler-validation.test.js"},{"assertionResults":[{"ancestorTitles":["POST /api/chart/calculate"],"fullName":"POST /api/chart/calculate returns full chart for valid AP input","status":"passed","title":"returns full chart for valid AP input","duration":41.92316999999821,"failureMessages":[],"meta":{}},{"ancestorTitles":["POST /api/chart/calculate"],"fullName":"POST /api/chart/calculate rejects missing birthDate","status":"passed","title":"rejects missing birthDate","duration":1.593089999998483,"failureMessages":[],"meta":{}},{"ancestorTitles":["POST /api/chart/calculate"],"fullName":"POST /api/chart/calculate rejects missing birthTime","status":"passed","title":"rejects missing birthTime","duration":1.1155500000022585,"failureMessages":[],"meta":{}},{"ancestorTitles":["POST /api/chart/calculate"],"fullName":"POST /api/chart/calculate rejects missing lat","status":"passed","title":"rejects missing lat","duration":1.327499999999418,"failureMessages":[],"meta":{}},{"ancestorTitles":["POST /api/chart/calculate"],"fullName":"POST /api/chart/calculate rejects missing lng","status":"passed","title":"rejects missing lng","duration":1.658610000002227,"failureMessages":[],"meta":{}},{"ancestorTitles":["POST /api/chart/calculate"],"fullName":"POST /api/chart/calculate handles timezone-aware conversion","status":"passed","title":"handles timezone-aware conversion","duration":5.847750000000815,"failureMessages":[],"meta":{}},{"ancestorTitles":["POST /api/chart/calculate"],"fullName":"POST /api/chart/calculate includes meta with calculation timestamp","status":"passed","title":"includes meta with calculation timestamp","duration":5.754960000002029,"failureMessages":[],"meta":{}},{"ancestorTitles":["POST /api/composite"],"fullName":"POST /api/composite computes composite for two people","status":"passed","title":"computes composite for two people","duration":7.830809999999474,"failureMessages":[],"meta":{}},{"ancestorTitles":["POST /api/composite"],"fullName":"POST /api/composite rejects missing personA","status":"passed","title":"rejects missing personA","duration":1.1988899999996647,"failureMessages":[],"meta":{}},{"ancestorTitles":["POST /api/composite"],"fullName":"POST /api/composite rejects missing personB","status":"passed","title":"rejects missing personB","duration":0.9232200000005832,"failureMessages":[],"meta":{}},{"ancestorTitles":["POST /api/composite"],"fullName":"POST /api/composite rejects incomplete personA data","status":"passed","title":"rejects incomplete personA data","duration":0.7668900000026042,"failureMessages":[],"meta":{}},{"ancestorTitles":["POST /api/composite"],"fullName":"POST /api/composite identifies type interactions","status":"passed","title":"identifies type interactions","duration":10.103039999998146,"failureMessages":[],"meta":{}},{"ancestorTitles":["POST /api/rectify"],"fullName":"POST /api/rectify returns sensitivity analysis for valid input","status":"passed","title":"returns sensitivity analysis for valid input","duration":15.038189999999304,"failureMessages":[],"meta":{}},{"ancestorTitles":["POST /api/rectify"],"fullName":"POST /api/rectify defaults windowMinutes=30, stepMinutes=5 when omitted","status":"passed","title":"defaults windowMinutes=30, stepMinutes=5 when omitted","duration":19.64169000000038,"failureMessages":[],"meta":{}},{"ancestorTitles":["POST /api/rectify"],"fullName":"POST /api/rectify caps windowMinutes at 120","status":"passed","title":"caps windowMinutes at 120","duration":24.968339999999444,"failureMessages":[],"meta":{}},{"ancestorTitles":["POST /api/rectify"],"fullName":"POST /api/rectify rejects missing required fields","status":"passed","title":"rejects missing required fields","duration":1.1213999999999942,"failureMessages":[],"meta":{}},{"ancestorTitles":["POST /api/rectify"],"fullName":"POST /api/rectify includes guidance array","status":"passed","title":"includes guidance array","duration":9.41715000000113,"failureMessages":[],"meta":{}},{"ancestorTitles":["POST /api/rectify"],"fullName":"POST /api/rectify identifies critical change points","status":"passed","title":"identifies critical change points","duration":22.348799999999756,"failureMessages":[],"meta":{}},{"ancestorTitles":["POST /api/profile/generate"],"fullName":"POST /api/profile/generate rejects missing required fields","status":"passed","title":"rejects missing required fields","duration":2.056590000000142,"failureMessages":[],"meta":{}},{"ancestorTitles":["POST /api/profile/generate"],"fullName":"POST /api/profile/generate rejects missing birthDate","status":"passed","title":"rejects missing birthDate","duration":0.8738999999986845,"failureMessages":[],"meta":{}},{"ancestorTitles":["POST /api/profile/generate"],"fullName":"POST /api/profile/generate rejects missing lat","status":"passed","title":"rejects missing lat","duration":1.7320499999987078,"failureMessages":[],"meta":{}},{"ancestorTitles":["GET /api/transits/forecast"],"fullName":"GET /api/transits/forecast rejects missing birthDate","status":"passed","title":"rejects missing birthDate","duration":1.2009599999983038,"failureMessages":[],"meta":{}},{"ancestorTitles":["GET /api/transits/forecast"],"fullName":"GET /api/transits/forecast rejects missing birthTime","status":"passed","title":"rejects missing birthTime","duration":0.7345800000002782,"failureMessages":[],"meta":{}},{"ancestorTitles":["GET /api/transits/forecast"],"fullName":"GET /api/transits/forecast returns forecast for valid input","status":"passed","title":"returns forecast for valid input","duration":3.610980000001291,"failureMessages":[],"meta":{}},{"ancestorTitles":["GET /api/transits/forecast"],"fullName":"GET /api/transits/forecast defaults to 30 days when days param omitted","status":"passed","title":"defaults to 30 days when days param omitted","duration":2.8526400000009744,"failureMessages":[],"meta":{}},{"ancestorTitles":["GET /api/transits/forecast"],"fullName":"GET /api/transits/forecast caps days at 90","status":"passed","title":"caps days at 90","duration":2.6576999999997497,"failureMessages":[],"meta":{}},{"ancestorTitles":["GET /api/transits/today"],"fullName":"GET /api/transits/today returns current transits without natal data","status":"passed","title":"returns current transits without natal data","duration":2.3772599999974773,"failureMessages":[],"meta":{}},{"ancestorTitles":["GET /api/transits/today"],"fullName":"GET /api/transits/today includes natal comparison when birth data provided","status":"passed","title":"includes natal comparison when birth data provided","duration":3.4927200000020093,"failureMessages":[],"meta":{}},{"ancestorTitles":["GET /api/transits/today"],"fullName":"GET /api/transits/today accepts optional lat/lng for location context","status":"passed","title":"accepts optional lat/lng for location context","duration":0.7701300000007905,"failureMessages":[],"meta":{}},{"ancestorTitles":["POST /api/auth/register"],"fullName":"POST /api/auth/register rejects missing email","status":"passed","title":"rejects missing email","duration":1.4512499999982538,"failureMessages":[],"meta":{}},{"ancestorTitles":["POST /api/auth/register"],"fullName":"POST /api/auth/register rejects missing password","status":"passed","title":"rejects missing password","duration":0.8172899999990477,"failureMessages":[],"meta":{}},{"ancestorTitles":["POST /api/auth/register"],"fullName":"POST /api/auth/register rejects short password","status":"passed","title":"rejects short password","duration":0.7319700000007288,"failureMessages":[],"meta":{}},{"ancestorTitles":["POST /api/auth/register"],"fullName":"POST /api/auth/register rejects non-POST methods","status":"passed","title":"rejects non-POST methods","duration":0.3595499999973981,"failureMessages":[],"meta":{}},{"ancestorTitles":["POST /api/auth/login"],"fullName":"POST /api/auth/login rejects missing credentials","status":"passed","title":"rejects missing credentials","duration":1.212390000000596,"failureMessages":[],"meta":{}},{"ancestorTitles":["POST /api/auth/refresh"],"fullName":"POST /api/auth/refresh rejects missing refresh token","status":"passed","title":"rejects missing refresh token","duration":1.213739999999234,"failureMessages":[],"meta":{}},{"ancestorTitles":["POST /api/auth/refresh"],"fullName":"POST /api/auth/refresh rejects invalid refresh token","status":"passed","title":"rejects invalid refresh token","duration":3.7719899999974587,"failureMessages":[],"meta":{}},{"ancestorTitles":["POST /api/auth (unknown)"],"fullName":"POST /api/auth (unknown) returns 404 for unknown auth path","status":"passed","title":"returns 404 for unknown auth path","duration":0.5220899999985704,"failureMessages":[],"meta":{}},{"ancestorTitles":["GET /api/geocode"],"fullName":"GET /api/geocode rejects missing q param","status":"passed","title":"rejects missing q param","duration":0.7299899999998161,"failureMessages":[],"meta":{}},{"ancestorTitles":["GET /api/geocode"],"fullName":"GET /api/geocode rejects single-character query","status":"passed","title":"rejects single-character query","duration":0.6295500000014727,"failureMessages":[],"meta":{}},{"ancestorTitles":["GET /api/geocode"],"fullName":"GET /api/geocode returns 404 when Nominatim finds nothing","status":"passed","title":"returns 404 when Nominatim finds nothing","duration":1.1283299999995506,"failureMessages":[],"meta":{}},{"ancestorTitles":["GET /api/geocode"],"fullName":"GET /api/geocode returns lat/lng/timezone for a valid city","status":"passed","title":"returns lat/lng/timezone for a valid city","duration":1.4046300000009069,"failureMessages":[],"meta":{}}],"startTime":1773692421131,"endTime":1773692421342.4045,"status":"passed","message":"","name":"/mnt/c/Users/Ultimate Warrior/My project/HumanDesign/tests/handlers.test.js"},{"assertionResults":[{"ancestorTitles":["jwtClaims(env)"],"fullName":"jwtClaims(env) returns defaults when env is empty","status":"passed","title":"returns defaults when env is empty","duration":2.2726800000018557,"failureMessages":[],"meta":{}},{"ancestorTitles":["jwtClaims(env)"],"fullName":"jwtClaims(env) reads issuer/audience from env bindings","status":"passed","title":"reads issuer/audience from env bindings","duration":0.47699999999895226,"failureMessages":[],"meta":{}},{"ancestorTitles":["jwtClaims(env)"],"fullName":"jwtClaims(env) partial override — only issuer set","status":"passed","title":"partial override — only issuer set","duration":0.3711600000024191,"failureMessages":[],"meta":{}},{"ancestorTitles":["jwtClaims(env)"],"fullName":"jwtClaims(env) handles null/undefined env gracefully","status":"passed","title":"handles null/undefined env gracefully","duration":0.30653999999776715,"failureMessages":[],"meta":{}},{"ancestorTitles":["signJWT + verifyHS256 — happy path"],"fullName":"signJWT + verifyHS256 — happy path signs and verifies a token with default claims","status":"passed","title":"signs and verifies a token with default claims","duration":2.9550600000002305,"failureMessages":[],"meta":{}},{"ancestorTitles":["signJWT + verifyHS256 — happy path"],"fullName":"signJWT + verifyHS256 — happy path carries all supplied payload fields","status":"passed","title":"carries all supplied payload fields","duration":1.0248299999984738,"failureMessages":[],"meta":{}},{"ancestorTitles":["signJWT + verifyHS256 — happy path"],"fullName":"signJWT + verifyHS256 — happy path embeds iat and exp claims","status":"passed","title":"embeds iat and exp claims","duration":1.360980000001291,"failureMessages":[],"meta":{}},{"ancestorTitles":["signJWT + verifyHS256 — happy path"],"fullName":"signJWT + verifyHS256 — happy path uses custom env issuer and audience when provided","status":"passed","title":"uses custom env issuer and audience when provided","duration":1.0427400000007765,"failureMessages":[],"meta":{}},{"ancestorTitles":["verifyHS256 — invalid signature"],"fullName":"verifyHS256 — invalid signature returns null for a tampered payload","status":"passed","title":"returns null for a tampered payload","duration":0.9368999999969674,"failureMessages":[],"meta":{}},{"ancestorTitles":["verifyHS256 — invalid signature"],"fullName":"verifyHS256 — invalid signature returns null for wrong secret","status":"passed","title":"returns null for wrong secret","duration":0.8163000000022294,"failureMessages":[],"meta":{}},{"ancestorTitles":["verifyHS256 — invalid signature"],"fullName":"verifyHS256 — invalid signature returns null for malformed token (fewer than 3 parts)","status":"passed","title":"returns null for malformed token (fewer than 3 parts)","duration":0.9935100000002421,"failureMessages":[],"meta":{}},{"ancestorTitles":["verifyHS256 — invalid signature"],"fullName":"verifyHS256 — invalid signature returns null for empty string","status":"passed","title":"returns null for empty string","duration":0.3315600000023551,"failureMessages":[],"meta":{}},{"ancestorTitles":["verifyHS256 — expiry"],"fullName":"verifyHS256 — expiry returns null for an already-expired token","status":"passed","title":"returns null for an already-expired token","duration":0.9676800000015646,"failureMessages":[],"meta":{}},{"ancestorTitles":["verifyHS256 — expiry"],"fullName":"verifyHS256 — expiry skipExp option bypasses expiry check","status":"passed","title":"skipExp option bypasses expiry check","duration":1.2678300000006857,"failureMessages":[],"meta":{}},{"ancestorTitles":["verifyHS256 — issuer and audience"],"fullName":"verifyHS256 — issuer and audience rejects token from wrong issuer","status":"passed","title":"rejects token from wrong issuer","duration":0.9805500000002212,"failureMessages":[],"meta":{}},{"ancestorTitles":["verifyHS256 — issuer and audience"],"fullName":"verifyHS256 — issuer and audience rejects token for wrong audience","status":"passed","title":"rejects token for wrong audience","duration":1.2393000000010943,"failureMessages":[],"meta":{}},{"ancestorTitles":["verifyHS256 — issuer and audience"],"fullName":"verifyHS256 — issuer and audience accepts token when issuer and audience both match custom env","status":"passed","title":"accepts token when issuer and audience both match custom env","duration":1.0520099999994272,"failureMessages":[],"meta":{}},{"ancestorTitles":["verifyHS256 — issuer and audience"],"fullName":"verifyHS256 — issuer and audience cross-env replay: staging token rejected by prod verifier","status":"passed","title":"cross-env replay: staging token rejected by prod verifier","duration":0.7968599999985599,"failureMessages":[],"meta":{}}],"startTime":1773692427757,"endTime":1773692427776.7969,"status":"passed","message":"","name":"/mnt/c/Users/Ultimate Warrior/My project/HumanDesign/tests/jwt.test.js"},{"assertionResults":[{"ancestorTitles":["reduceToDigit"],"fullName":"reduceToDigit reduces single digit numbers to themselves","status":"passed","title":"reduces single digit numbers to themselves","duration":2.012849999999162,"failureMessages":[],"meta":{}},{"ancestorTitles":["reduceToDigit"],"fullNa
[...]
les":["parseToUTC"],"fullName":"parseToUTC handles UTC timezone as identity","status":"passed","title":"handles UTC timezone as identity","duration":0.6849000000001979,"failureMessages":[],"meta":{}},{"ancestorTitles":["parseToUTC"],"fullName":"parseToUTC throws on invalid timezone","status":"passed","title":"throws on invalid timezone","duration":1.3591799999994691,"failureMessages":[],"meta":{}}],"startTime":1773692424312,"endTime":1773692424324.3591,"status":"passed","message":"","name":"/mnt/c/Users/Ultimate Warrior/My project/HumanDesign/tests/parseToUTC.test.js"},{"assertionResults":[{"ancestorTitles":["practitioner public profile page"],"fullName":"practitioner public profile page renders the referral-chart funnel and direct booking CTA for a valid practitioner","status":"passed","title":"renders the referral-chart funnel and direct booking CTA for a valid practitioner","duration":6.113069999999425,"failureMessages":[],"meta":{}},{"ancestorTitles":["practitioner public profile page"],"fullName":"practitioner public profile page redirects invalid slugs to the homepage without calling the directory API","status":"passed","title":"redirects invalid slugs to the homepage without calling the directory API","duration":1.8820799999994051,"failureMessages":[],"meta":{}}],"startTime":1773692431720,"endTime":1773692431727.882,"status":"passed","message":"","name":"/mnt/c/Users/Ultimate Warrior/My project/HumanDesign/tests/practitioner-public-profile.test.js"},{"assertionResults":[{"ancestorTitles":["practitioner runtime guards"],"fullName":"practitioner runtime guards scopes note updates by practitioner ownership","status":"passed","title":"scopes note updates by practitioner ownership","duration":5.474790000000212,"failureMessages":[],"meta":{}},{"ancestorTitles":["practitioner runtime guards"],"fullName":"practitioner runtime guards rejects note creation when the client is not on the practitioner roster","status":"passed","title":"rejects note creation when the client is not on the practitioner roster","duration":1.5697800000016287,"failureMessages":[],"meta":{}},{"ancestorTitles":["practitioner runtime guards"],"fullName":"practitioner runtime guards rejects AI context access when the client is not on the practitioner roster","status":"passed","title":"rejects AI context access when the client is not on the practitioner roster","duration":1.3155299999998533,"failureMessages":[],"meta":{}},{"ancestorTitles":["practitioner runtime guards"],"fullName":"practitioner runtime guards returns 404 when a practitioner tries to delete a note they do not own","status":"passed","title":"returns 404 when a practitioner tries to delete a note they do not own","duration":1.3043700000016543,"failureMessages":[],"meta":{}},{"ancestorTitles":["practitioner runtime guards"],"fullName":"practitioner runtime guards rejects client detail access when the client is not on the practitioner roster","status":"passed","title":"rejects client detail access when the client is not on the practitioner roster","duration":2.246130000003177,"failureMessages":[],"meta":{}},{"ancestorTitles":["practitioner runtime guards"],"fullName":"practitioner runtime guards rejects branded PDF export when the client is not on the practitioner roster","status":"passed","title":"rejects branded PDF export when the client is not on the practitioner roster","duration":4.355640000001586,"failureMessages":[],"meta":{}},{"ancestorTitles":["practitioner runtime guards"],"fullName":"practitioner runtime guards resends a pending practitioner invitation with a fresh link","status":"passed","title":"resends a pending practitioner invitation with a fresh link","duration":6.993719999998575,"failureMessages":[],"meta":{}},{"ancestorTitles":["practitioner runtime guards"],"fullName":"practitioner runtime guards allows a practitioner to export a roster client profile to Notion","status":"passed","title":"allows a practitioner to export a roster client profile to Notion","duration":2.070270000000164,"failureMessages":[],"meta":{}},{"ancestorTitles":["practitioner runtime guards"],"fullName":"practitioner runtime guards expires a stale practitioner invitation during invite preview","status":"passed","title":"expires a stale practitioner invitation during invite preview","duration":2.027879999997822,"failureMessages":[],"meta":{}},{"ancestorTitles":["practitioner runtime guards"],"fullName":"practitioner runtime guards accepts a practitioner invitation for the invited email","status":"passed","title":"accepts a practitioner invitation for the invited email","duration":8.535420000000158,"failureMessages":[],"meta":{}},{"ancestorTitles":["practitioner runtime guards"],"fullName":"practitioner runtime guards rejects invitation acceptance when the signed-in email does not match the invite","status":"passed","title":"rejects invitation acceptance when the signed-in email does not match the invite","duration":2.221740000000864,"failureMessages":[],"meta":{}}],"startTime":1773692426143,"endTime":1773692426181.2217,"status":"passed","message":"","name":"/mnt/c/Users/Ultimate Warrior/My project/HumanDesign/tests/practitioner-runtime.test.js"},{"assertionResults":[{"ancestorTitles":["rateLimit — DB-backed atomic counter"],"fullName":"rateLimit — DB-backed atomic counter returns 503 when NEON_CONNECTION_STRING is not configured","status":"passed","title":"returns 503 when NEON_CONNECTION_STRING is not configured","duration":4.426739999998972,"failureMessages":[],"meta":{}},{"ancestorTitles":["rateLimit — DB-backed atomic counter"],"fullName":"rateLimit — DB-backed atomic counter includes Retry-After header on 503","status":"passed","title":"includes Retry-After header on 503","duration":1.0275299999993877,"failureMessages":[],"meta":{}},{"ancestorTitles":["rateLimit — DB-backed atomic counter"],"fullName":"rateLimit — DB-backed atomic counter returns null (pass-through) when DB counter is within limit","status":"passed","title":"returns null (pass-through) when DB counter is within limit","duration":4.742190000000846,"failureMessages":[],"meta":{}},{"ancestorTitles":["rateLimit — DB-backed atomic counter"],"fullName":"rateLimit — DB-backed atomic counter returns 429 when DB counter exceeds the configured limit","status":"passed","title":"returns 429 when DB counter exceeds the configured limit","duration":2.1445200000016484,"failureMessages":[],"meta":{}},{"ancestorTitles":["QUERIES registry — new queries from deep dive audit"],"fullName":"QUERIES registry — new queries from deep dive audit has safe user lookup variants that omit password_hash and totp_secret","status":"passed","title":"has safe user lookup variants that omit password_hash and totp_secret","duration":1.279529999999795,"failureMessages":[],"meta":{}},{"ancestorTitles":["QUERIES registry — new queries from deep dive audit"],"fullName":"QUERIES registry — new queries from deep dive audit has atomicQuotaCheckAndInsert query (BL-RACE-001)","status":"passed","title":"has atomicQuotaCheckAndInsert query (BL-RACE-001)","duration":0.6496200000001409,"failureMessages":[],"meta":{}},{"ancestorTitles":["QUERIES registry — new queries from deep dive audit"],"fullName":"QUERIES registry — new queries from deep dive audit has atomicWindowCounterIncrement query for fixed-window limits","status":"passed","title":"has atomicWindowCounterIncrement query for fixed-window limits","duration":0.5319899999994959,"failureMessages":[],"meta":{}},{"ancestorTitles":["QUERIES registry — new queries from deep dive audit"],"fullName":"QUERIES registry — new queries from deep dive audit has updateTransitPassExpiry query (MED-INLINE-SQL)","status":"passed","title":"has updateTransitPassExpiry query (MED-INLINE-SQL)","duration":0.3495600000023842,"failureMessages":[],"meta":{}},{"ancestorTitles":["QUERIES registry — new queries from deep dive audit"],"fullName":"QUERIES registry — new queries from deep dive audit has grantLifetimeAccess query (MED-INLINE-SQL)","status":"passed","title":"has grantLifetimeAccess query (MED-INLINE-SQL)","duration":0.45693000000028405,"failureMessages":[],"meta":{}},{"ancestorTitles":["QUERIES registry — new queries from deep dive audit"],"fullName":"QUERIES registry — new queries from deep dive audit has getBatchSmsUsageCounts query (MED-N+1-001)","status":"passed","title":"has getBatchSmsUsageCounts query (MED-N+1-001)","duration":0.4697100000012142,"failureMessages":[],"meta":{}},{"ancestorTitles":["QUERIES registry — new queries from deep dive audit"],"fullName":"QUERIES registry — new queries from deep dive audit still has all pre-existing usage queries","status":"passed","title":"still has all pre-existing usage queries","duration":0.513809999996738,"failureMessages":[],"meta":{}},{"ancestorTitles":["getUserFromRequest — safe lookups"],"fullName":"getUserFromRequest — safe lookups resolves the authenticated user with the safe query shape","status":"passed","title":"resolves the authenticated user with the safe query shape","duration":2.2016699999985576,"failureMessages":[],"meta":{}},{"ancestorTitles":["rateLimit config — promo endpoint (MED-PROMO-RATE)"],"fullName":"rateLimit config — promo endpoint (MED-PROMO-RATE) returns 429 for /api/promo/validate when limit exceeded (SYS-013: KV-backed)","status":"passed","title":"returns 429 for /api/promo/validate when limit exceeded (SYS-013: KV-backed)","duration":1.42902000000322,"failureMessages":[],"meta":{}}],"startTime":1773692427249,"endTime":1773692427270.429,"status":"passed","message":"","name":"/mnt/c/Users/Ultimate Warrior/My project/HumanDesign/tests/security-fixes.test.js"},{"assertionResults":[{"ancestorTitles":["initSentry"],"fullName":"initSentry returns a no-op client when SENTRY_DSN is missing","status":"passed","title":"returns a no-op client when SENTRY_DSN is missing","duration":3.9305700000004435,"failureMessages":[],"meta":{}},{"ancestorTitles":["initSentry"],"fullName":"initSentry disables error tracking when SENTRY_DSN is malformed","status":"passed","title":"disables error tracking when SENTRY_DSN is malformed","duration":2.6956800000007206,"failureMessages":[],"meta":{}},{"ancestorTitles":["initSentry"],"fullName":"initSentry sends a structured envelope with sanitized request and user context","status":"passed","title":"sends a structured envelope with sanitized request and user context","duration":11.549340000001393,"failureMessages":[],"meta":{}}],"startTime":1773692426648,"endTime":1773692426666.5493,"status":"passed","message":"","name":"/mnt/c/Users/Ultimate Warrior/My project/HumanDesign/tests/sentry.test.js"},{"assertionResults":[{"ancestorTitles":["tier and billing runtime alignment"],"fullName":"tier and billing runtime alignment keeps past_due subscriptions entitled through the billing-active subscription path","status":"passed","title":"keeps past_due subscriptions entitled through the billing-active subscription path","duration":5.024700000001758,"failureMessages":[],"meta":{}},{"ancestorTitles":["tier and billing runtime alignment"],"fullName":"tier and billing runtime alignment reports revenue using canonical tier names and current pricing","status":"passed","title":"reports revenue using canonical tier names and current pricing","duration":3.0545100000017555,"failureMessages":[],"meta":{}},{"ancestorTitles":["tier and billing runtime alignment"],"fullName":"tier and billing runtime alignment treats a valid practitioner API key as valid without white-label permission","status":"passed","title":"treats a valid practitioner API key as valid without white-label permission","duration":2.3732100000015635,"failureMessages":[],"meta":{}},{"ancestorTitles":["tier and billing runtime alignment"],"fullName":"tier and billing runtime alignment normalizes legacy white_label accounts to agency capabilities for embeds","status":"passed","title":"normalizes legacy white_label accounts to agency capabilities for embeds","duration":1.793790000003355,"failureMessages":[],"meta":{}}],"startTime":1773692431247,"endTime":1773692431258.7937,"status":"passed","message":"","name":"/mnt/c/Users/Ultimate Warrior/My project/HumanDesign/tests/tier-billing-runtime.test.js"},{"assertionResults":[{"ancestorTitles":["webhook claim lifecycle"],"fullName":"webhook claim lifecycle releases the processing claim when downstream handling throws","status":"passed","title":"releases the processing claim when downstream handling throws","duration":18.079560000001948,"failureMessages":[],"meta":{}},{"ancestorTitles":["webhook claim lifecycle"],"fullName":"webhook claim lifecycle finalizes invoice payment events in place on the claimed payment_events row","status":"passed","title":"finalizes invoice payment events in place on the claimed payment_events row","duration":3.3281999999999243,"failureMessages":[],"meta":{}},{"ancestorTitles":["webhook claim lifecycle"],"fullName":"webhook claim lifecycle recovers a missing local subscription row before finalizing invoice payment events","status":"passed","title":"recovers a missing local subscription row before finalizing invoice payment events","duration":4.862519999998767,"failureMessages":[],"meta":{}},{"ancestorTitles":["webhook claim lifecycle"],"fullName":"webhook claim lifecycle relinks a Stripe customer by email before rebuilding the subscription row","status":"passed","title":"relinks a Stripe customer by email before rebuilding the subscription row","duration":3.175650000001042,"failureMessages":[],"meta":{}},{"ancestorTitles":["webhook claim lifecycle"],"fullName":"webhook claim lifecycle relinks ghost subscriptions by email when stripe_customer_id is missing on the user","status":"passed","title":"relinks ghost subscriptions by email when stripe_customer_id is missing on the user","duration":4.78530000000319,"failureMessages":[],"meta":{}},{"ancestorTitles":["webhook claim lifecycle"],"fullName":"webhook claim lifecycle parks invoice payment events for manual review when no safe user mapping exists","status":"passed","title":"parks invoice payment events for manual review when no safe user mapping exists","duration":3.9420000000027358,"failureMessages":[],"meta":{}},{"ancestorTitles":["webhook claim lifecycle"],"fullName":"webhook claim lifecycle parks ghost subscriptions for manual review when neither customer id nor email can recover the user","status":"passed","title":"parks ghost subscriptions for manual review when neither customer id nor email can recover the user","duration":2.6642699999974866,"failureMessages":[],"meta":{}}],"startTime":1773692423188,"endTime":1773692423229.6643,"status":"passed","message":"","name":"/mnt/c/Users/Ultimate Warrior/My project/HumanDesign/tests/webhook-claim-runtime.test.js"},{"assertionResults":[{"ancestorTitles":["webhook checkout degradation signals"],"fullName":"webhook checkout degradation signals emits a durable event when referral conversion fails after successful checkout persistence","status":"skipped","title":"emits a durable event when referral conversion fails after successful checkout persistence","failureMessages":[],"meta":{}},{"ancestorTitles":["webhook checkout degradation signals"],"fullName":"webhook checkout degradation signals emits a durable event when confirmation email delivery fails","status":"skipped","title":"emits a durable event when confirmation email delivery fails","failureMessages":[],"meta":{}}],"startTime":1773692398617,"endTime":1773692398617,"status":"passed","message":"","name":"/mnt/c/Users/Ultimate Warrior/My project/HumanDesign/tests/webhook-operational-degradation.test.js"},{"assertionResults":[{"ancestorTitles":["Discord Worker","GET /interactions → 405"],"fullName":"Discord Worker GET /interactions → 405 rejects non-POST with 405","status":"passed","title":"rejects non-POST with 405","duration":2.580840000002354,"failureMessages":[],"meta":{}},{"ancestorTitles":["Discord Worker","Ed25519 signature verification"],"fullName":"Discord Worker Ed25519 signature verification returns 401 when signature headers are missing","status":"passed","title":"returns 401 when signature headers are missing","duration":1.1493899999986752,"failureMessages":[],"meta":{}},{"ancestorTitles":["Discord Worker","Ed25519 signature verification"],"fullName":"Discord Worker Ed25519 signature verification returns 401 for a tampered signature","status":"passed","title":"returns 401 for a tampered signature","duration":2.4315299999980198,"failureMessages":[],"meta":{}},{"ancestorTitles":["Discord Worker","Ed25519 signature verification"],"fullName":"Discord Worker Ed25519 signature verification returns 401 for a stale timestamp (> 5 minutes old)","status":"passed","title":"returns 401 for a stale timestamp (> 5 minutes old)","duration":1.3158000000003085,"failureMessages":[],"meta":{}},{"ancestorTitles":["Discord Worker","PING handshake"],"fullName":"Discord Worker PING handshake responds with PONG (type 1)","status":"passed","title":"responds with PONG (type 1)","duration":1.9331100000017614,"failureMessages":[],"meta":{}},{"ancestorTitles":["Discord Worker","/primself input validation"],"fullName":"Discord Worker /primself input validation accepts valid inputs → deferred (type 5)","status":"passed","title":"accepts valid inputs → deferred (type 5)","duration":5.0926499999986845,"failureMessages":[],"meta":{}},{"ancestorTitles":["Discord Worker","/primself input validation"],"fullName":"Discord Worker /primself input validation rejects bad date format → ephemeral error","status":"passed","title":"rejects bad date format → ephemeral error","duration":1.7947800000001735,"failureMessages":[],"meta":{}},{"ancestorTitles":["Discord Worker","/primself input validation"],"fullName":"Discord Worker /primself input validation rejects future birth date → ephemeral error via followup","status":"passed","title":"rejects future birth date → ephemeral error via followup","duration":2.4578099999998813,"failureMessages":[],"meta":{}},{"ancestorTitles":["Discord Worker","/primself input validation"],"fullName":"Discord Worker /primself input validation rejects city shorter than 2 chars","status":"passed","title":"rejects city shorter than 2 chars","duration":3.220919999999751,"failureMessages":[],"meta":{}},{"ancestorTitles":["Discord Worker","Rate limiting"],"fullName":"Discord Worker Rate limiting blocks on the 4th request within 24h","status":"passed","title":"blocks on the 4th request within 24h","duration":2.479319999998552,"failureMessages":[],"meta":{}},{"ancestorTitles":["Discord Worker","Rate limiting"],"fullName":"Discord Worker Rate limiting resets after 24h window expires","status":"passed","title":"resets after 24h window expires","duration":2.848409999998694,"failureMessages":[],"meta":{}},{"ancestorTitles":["Discord Worker","Unknown command"],"fullName":"Discord Worker Unknown command returns ephemeral unknown-command message","status":"passed","title":"returns ephemeral unknown-command message","duration":2.2228199999990466,"failureMessages":[],"meta":{}},{"ancestorTitles":["Discord Worker","Happy path embed"],"fullName":"Discord Worker Happy path embed sends a follow-up with a correctly shaped embed","status":"passed","title":"sends a follow-up with a correctly shaped embed","duration":4.96143000000302,"failureMessages":[],"meta":{}},{"ancestorTitles":["Discord Worker","Geocode failure"],"fullName":"Discord Worker Geocode failure sends ephemeral error when geocode API returns 502","status":"passed","title":"sends ephemeral error when geocode API returns 502","duration":3.374279999999999,"failureMessages":[],"meta":{}},{"ancestorTitles":["Discord Worker","Chart API failure"],"fullName":"Discord Worker Chart API failure sends ephemeral error when chart API returns 500","status":"passed","title":"sends ephemeral error when chart API returns 500","duration":3.60935999999856,"failureMessages":[],"meta":{}}],"startTime":1773692422540,"endTime":1773692422582.6094,"status":"passed","message":"","name":"/mnt/c/Users/Ultimate Warrior/My project/HumanDesign/discord/src/index.test.js"}]}