{"numTotalTestSuites":123,"numPassedTestSuites":123,"numFailedTestSuites":0,"numPendingTestSuites":0,"numTotalTests":430,"numPassedTests":422,"numFailedTests":0,"numPendingTests":8,"numTodoTests":0,"snapshot":{"added":0,"failure":false,"filesAdded":0,"filesRemoved":0,"filesRemovedList":[],"filesUnmatched":0,"filesUpdated":0,"matched":0,"total":0,"unchecked":0,"uncheckedKeysByFile":[],"unmatched":0,"updated":0,"didUpdate":false},"startTime":1773691356291,"success":true,"testResults":[{"assertionResults":[{"ancestorTitles":["billing cancel — runtime smoke tests"],"fullName":"billing cancel — runtime smoke tests cancel preview returns retention offer without canceling","status":"skipped","title":"cancel preview returns retention offer without canceling","failureMessages":[],"meta":{}},{"ancestorTitles":["billing cancel — runtime smoke tests"],"fullName":"billing cancel — runtime smoke tests unauthenticated cancel returns 401","status":"skipped","title":"unauthenticated cancel returns 401","failureMessages":[],"meta":{}},{"ancestorTitles":["billing cancel — runtime smoke tests"],"fullName":"billing cancel — runtime smoke tests invalid JSON body returns 400","status":"skipped","title":"invalid JSON body returns 400","failureMessages":[],"meta":{}}],"startTime":1773691356291,"endTime":1773691356291,"status":"passed","message":"","name":"/mnt/c/Users/Ultimate Warrior/My project/HumanDesign/tests/billing-cancel-runtime.test.js"},{"assertionResults":[{"ancestorTitles":["billing retention runtime"],"fullName":"billing retention runtime returns a retention preview without calling Stripe cancel","status":"passed","title":"returns a retention preview without calling Stripe cancel","duration":7.233120000004419,"failureMessages":[],"meta":{}},{"ancestorTitles":["billing retention runtime"],"fullName":"billing retention runtime downgrades a subscription through the upgrade endpoint","status":"passed","title":"downgrades a subscription through the upgrade endpoint","duration":3.7385100000028615,"failureMessages":[],"meta":{}}],"startTime":1773691394518,"endTime":1773691394528.7385,"status":"passed","message":"","name":"/mnt/c/Users/Ultimate Warrior/My project/HumanDesign/tests/billing-retention-runtime.test.js"},{"assertionResults":[{"ancestorTitles":["Five Forges (Canonical)"],"fullName":"Five Forges (Canonical) should define exactly 6 Forges","status":"passed","title":"should define exactly 6 Forges","duration":2.731050000002142,"failureMessages":[],"meta":{}},{"ancestorTitles":["Five Forges (Canonical)"],"fullName":"Five Forges (Canonical) should include the canonical Six Forges by name","status":"passed","title":"should include the canonical Six Forges by name","duration":1.0811699999976554,"failureMessages":[],"meta":{}},{"ancestorTitles":["Five Forges (Canonical)"],"fullName":"Five Forges (Canonical) each Forge should have required properties","status":"passed","title":"each Forge should have required properties","duration":5.597999999998137,"failureMessages":[],"meta":{}},{"ancestorTitles":["Five Forges (Canonical)","Chronos (Time)"],"fullName":"Five Forges (Canonical) Chronos (Time) should have essence about time or patience","status":"passed","title":"should have essence about time or patience","duration":0.6491700000005949,"failureMessages":[],"meta":{}},{"ancestorTitles":["Five Forges (Canonical)","Chronos (Time)"],"fullName":"Five Forges (Canonical) Chronos (Time) should have Saturn-related astro trigger","status":"passed","title":"should have Saturn-related astro trigger","duration":0.2353499999990163,"failureMessages":[],"meta":{}},{"ancestorTitles":["Five Forges (Canonical)","Chronos (Time)"],"fullName":"Five Forges (Canonical) Chronos (Time) should have historical exemplars","status":"passed","title":"should have historical exemplars","duration":0.820080000001326,"failureMessages":[],"meta":{}},{"ancestorTitles":["Five Forges (Canonical)","Eros (Passion)"],"fullName":"Five Forges (Canonical) Eros (Passion) should have essence about passion or heart","status":"passed","title":"should have essence about passion or heart","duration":0.2785500000027241,"failureMessages":[],"meta":{}},{"ancestorTitles":["Five Forges (Canonical)","Eros (Passion)"],"fullName":"Five Forges (Canonical) Eros (Passion) should have Sacral-related HD trigger","status":"passed","title":"should have Sacral-related HD trigger","duration":0.23210999999719206,"failureMessages":[],"meta":{}},{"ancestorTitles":["Five Forges (Canonical)","Aether (Connection)"],"fullName":"Five Forges (Canonical) Aether (Connection) should have domain related to connection or spirit","status":"passed","title":"should have domain related to connection or spirit","duration":0.341100000001461,"failureMessages":[],"meta":{}},{"ancestorTitles":["Five Forges (Canonical)","Aether (Connection)"],"fullName":"Five Forges (Canonical) Aether (Connection) should have Neptune-related astro trigger","status":"passed","title":"should have Neptune-related astro trigger","duration":0.2649600000004284,"failureMessages":[],"meta":{}},{"ancestorTitles":["Five Forges (Canonical)","Lux (Illumination)"],"fullName":"Five Forges (Canonical) Lux (Illumination) should have correct essence","status":"passed","title":"should have correct essence","duration":0.205019999997603,"failureMessages":[],"meta":{}},{"ancestorTitles":["Five Forges (Canonical)","Lux (Illumination)"],"fullName":"Five Forges (Canonical) Lux (Illumination) should have Head or Ajna HD trigger","status":"passed","title":"should have Head or Ajna HD trigger","duration":0.20663999999669613,"failureMessages":[],"meta":{}},{"ancestorTitles":["Five Forges (Canonical)","Phoenix (Rebirth)"],"fullName":"Five Forges (Canonical) Phoenix (Rebirth) should have domain related to rebirth or transformation","status":"passed","title":"should have domain related to rebirth or transformation","duration":0.22158000000126776,"failureMessages":[],"meta":{}},{"ancestorTitles":["Five Forges (Canonical)","Phoenix (Rebirth)"],"fullName":"Five Forges (Canonical) Phoenix (Rebirth) should have Pluto-related astro trigger","status":"passed","title":"should have Pluto-related astro trigger","duration":0.4032000000006519,"failureMessages":[],"meta":{}},{"ancestorTitles":["Six Knowledges (Canonical)"],"fullName":"Six Knowledges (Canonical) should define exactly 7 Knowledges","status":"passed","title":"should define exactly 7 Knowledges","duration":0.6807599999992817,"failureMessages":[],"meta":{}},{"ancestorTitles":["Six Knowledges (Canonical)"],"fullName":"Six Knowledges (Canonical) should include the canonical Seven Knowledges","status":"passed","title":"should include the canonical Seven Knowledges","duration":0.5467499999977008,"failureMessages":[],"meta":{}},{"ancestorTitles":["Six Knowledges (Canonical)"],"fullName":"Six Knowledges (Canonical) each Knowledge should have required properties","status":"passed","title":"each Knowledge should have required properties","duration":4.2363900000018475,"failureMessages":[],"meta":{}},{"ancestorTitles":["Six Knowledges (Canonical)"],"fullName":"Six Knowledges (Canonical) Knowledge of Self should be number 1","status":"passed","title":"Knowledge of Self should be number 1","duration":0.24587999999857857,"failureMessages":[],"meta":{}},{"ancestorTitles":["Six Knowledges (Canonical)"],"fullName":"Six Knowledges (Canonical) Knowledge of Ancestors should reference Design-side","status":"passed","title":"Knowledge of Ancestors should reference Design-side","duration":0.2752199999995355,"failureMessages":[],"meta":{}},{"ancestorTitles":["Six Knowledges (Canonical)"],"fullName":"Six Knowledges (Canonical) Knowledge of The One should emphasize interconnection","status":"passed","title":"Knowledge of The One should emphasize interconnection","duration":0.28161000000181957,"failureMessages":[],"meta":{}},{"ancestorTitles":["Six Knowledges (Canonical)"],"fullName":"Six Knowledges (Canonical) Knowledges should be numbered 1-7","status":"passed","title":"Knowledges should be numbered 1-7","duration":0.9443700000010722,"failureMessages":[],"meta":{}},{"ancestorTitles":["Six Sciences (Canonical)"],"fullName":"Six Sciences (Canonical) should define exactly 6 Sciences","status":"passed","title":"should define exactly 6 Sciences","duration":0.6367500000014843,"failureMessages":[],"meta":{}},{"ancestorTitles":["Six Sciences (Canonical)"],"fullName":"Six Sciences (Canonical) should include the canonical Six Sciences","status":"passed","title":"should include the canonical Six Sciences","duration":0.45315000000118744,"failureMessages":[],"meta":{}},{"ancestorTitles":["Six Sciences (Canonical)"],"fullName":"Six Sciences (Canonical) Mindfulness should be the foundational Science","status":"passed","title":"Mindfulness should be the foundational Science","duration":0.22634999999718275,"failureMessages":[],"meta":{}},{"ancestorTitles":["Six Sciences (Canonical)"],"fullName":"Six Sciences (Canonical) each Science should have practical applications","status":"passed","title":"each Science should have practical applications","duration":0.45477000000028056,"failureMessages":[],"meta":{}},{"ancestorTitles":["Six Arts (Canonical)"],"fullName":"Six Arts (Canonical) should define exactly 6 Arts","status":"passed","title":"should define exactly 6 Arts","duration":0.3877199999988079,"failureMessages":[],"meta":{}},{"ancestorTitles":["Six Arts (Canonical)"],"fullName":"Six Arts (Canonical) should include the canonical Six Arts","status":"passed","title":"should include the canonical Six Arts","duration":0.42659999999887077,"failureMessages":[],"meta":{}},{"ancestorTitles":["Six Arts (Canonical)"],"fullName":"Six Arts (Canonical) each Art should have Forge correspondences","status":"passed","title":"each Art should have Forge correspondences","duration":0.15209999999933643,"failureMessages":[],"meta":{}},{"ancestorTitles":["Six Defenses (Canonical)"],"fullName":"Six Defenses (Canonical) should define exactly 6 Defenses","status":"passed","title":"should define exactly 6 Defenses","duration":0.583200000000943,"failureMessages":[],"meta":{}},{"ancestorTitles":["Six Defenses (Canonical)"],"fullName":"Six Defenses (Canonical) should include the canonical Six Defenses","status":"passed","title":"should include the canonical Six Defenses","duration":0.47736000000077183,"failureMessages":[],"meta":{}},{"ancestorTitles":["Six Defenses (Canonical)"],"fullName":"Six Defenses (Canonical) Chakra Work should map to HD centers","status":"passed","title":"Chakra Work should map to HD centers","duration":0.26243999999860534,"failureMessages":[],"meta":{}},{"ancestorTitles":["Six Defenses (Canonical)"],"fullName":"Six Defenses (Canonical) Iwas/Orisha should have respectful practice guidance","status":"passed","title":"Iwas/Orisha should have respectful practice guidance","duration":0.17595000000073924,"failureMessages":[],"meta":{}},{"ancestorTitles":["Six Heresies (Canonical)"],"fullName":"Six Heresies (Canonical) should define exactly 6 Heresies","status":"passed","title":"should define exactly 6 Heresies","duration":0.4400999999998021,"failureMessages":[],"meta":{}},{"ancestorTitles":["Six Heresies (Canonical)"],"fullName":"Six Heresies (Canonical) should include the canonical Six Heresies","status":"passed","title":"should include the canonical Six Heresies","duration":0.43101000000024214,"failureMessages":[],"meta":{}},{"ancestorTitles":["Six Heresies (Canonical)"],"fullName":"Six Heresies (Canonical) each Heresy should have a shadowOf reference","status":"passed","title":"each Heresy should have a shadowOf reference","duration":0.4882500000021537,"failureMessages":[],"meta":{}},{"ancestorTitles":["Six Heresies (Canonical)"],"fullName":"Six Heresies (Canonical) each Heresy should have defenseAgainst guidance","status":"passed","title":"each Heresy should have defenseAgainst guidance","duration":0.7497900000016671,"failureMessages":[],"meta":{}},{"ancestorTitles":["Six Heresies (Canonical)"],"fullName":"Six Heresies (Canonical) each Heresy should have redemption path","status":"passed","title":"each Heresy should have redemption path","duration":0.45702000000164844,"failureMessages":[],"meta":{}},{"ancestorTitles":["Six Heresies (Canonical)"],"fullName":"Six Heresies (Canonical) metadata should include warning about not practicing","status":"passed","title":"metadata should include warning about not practicing","duration":0.1669499999989057,"failureMessages":[],"meta":{}},{"ancestorTitles":["Historical Figures Library"],"fullName":"Historical Figures Library should have figures organized by HD Type","status":"passed","title":"should have figures organized by HD Type","duration":0.6077700000023469,"failureMessages":[],"meta":{}},{"ancestorTitles":["Historical Figures Library"],"fullName":"Historical Figures Library should have figures organized by Forge","status":"passed","title":"should have figures organized by Forge","duration":0.5738400000009278,"failureMessages":[],"meta":{}},{"ancestorTitles":["Historical Figures Library"],"fullName":"Historical Figures Library each figure should have required properties","status":"passed","title":"each figure should have required properties","duration":6.039450000000215,"failureMessages":[],"meta":{}},{"ancestorTitles":["Historical Figures Library"],"fullName":"Historical Figures Library should include shadow examples with warnings","status":"passed","title":"should include shadow examples with warnings","duration":0.35711999999693944,"failureMessages":[],"meta":{}},{"ancestorTitles":["Book Recommendations Library"],"fullName":"Book Recommendations Library should have books organized by HD Type","status":"passed","title":"should have books organized by HD Type","duration":0.32400000000052387,"failureMessages":[],"meta":{}},{"ancestorTitles":["Book Recommendations Library"],"fullName":"Book Recommendations Library should have books organized by Forge","status":"passed","title":"should have books organized by Forge","duration":0.2594700000008743,"failureMessages":[],"meta":{}},{"ancestorTitles":["Book Recommendations Library"],"fullName":"Book Recommendations Library should have books organized by Knowledge area","status":"passed","title":"should have books organized by Knowledge area","duration":1.9074599999985367,"failureMessages":[],"meta":{}},{"ancestorTitles":["Book Recommendations Library"],"fullName":"Book Recommendations Library should have books organized by current need","status":"passed","title":"should have books organized by current need","duration":0.3800699999992503,"failureMessages":[],"meta":{}},{"ancestorTitles":["Book Recommendations Library"],"fullName":"Book Recommendations Library should have an essential library","status":"passed","title":"should have an essential library","duration":0.30420000000231084,"failureMessages":[],"meta":{}},{"ancestorTitles":["Book Recommendations Library"],"fullName":"Book Recommendations Library each book recommendation should have title, author, and why","status":"passed","title":"each book recommendation should have title, author, and why","duration":2.4972300000008545,"failureMessages":[],"meta":{}},{"ancestorTitles":["Synthesis Prompt (Canonical Integration)"],"fullName":"Synthesis Prompt (Canonical Integration) should export buildSynthesisPrompt and validateSynthesisResponse","status":"passed","title":"should export buildSynthesisPrompt and validateSynthesisResponse","duration":0.4320000000006985,"failureMessages":[],"meta":{}},{"ancestorTitles":["Synthesis Prompt (Canonical Integration)"],"fullName":"Synthesis Prompt (Canonical Integration) should export FORGE_MAPPING and SIX_KNOWLEDGES for RAG use","status":"passed","title":"should export FORGE_MAPPING and SIX_KNOWLEDGES for RAG use","duration":0.2965500000027532,"failureMessages":[],"meta":{}},{"ancestorTitles":["Synthesis Prompt (Canonical Integration)"],"fullName":"Synthesis Prompt (Canonical Integration) should validate canonical forge names (Initiation/Mastery/Guidance/Perception/Transformation)","status":"passed","title":"should validate canonical forge names (Initiation/Mastery/Guidance/Perception/Transformation)","duration":0.9626399999979185,"failureMessages":[],"meta":{}},{"ancestorTitles":["Synthesis Prompt (Canonical Integration)"],"fullName":"Synthesis Prompt (Canonical Integration) should reject old forge names (Chronos/Eros/Aether/Lux/Phoenix)","status":"passed","title":"should reject old forge names (Chronos/Eros/Aether/Lux/Phoenix)","duration":1.7756999999983236,"failureMessages":[],"meta":{}},{"ancestorTitles":["Cross-Reference Validation"],"fullName":"Cross-Reference Validation Forge exemplars in forges.json should appear in historical_figures.json byForge","status":"passed","title":"Forge exemplars in forges.json should appear in historical_figures.json byForge","duration":0.5420700000031502,"failureMessages":[],"meta":{}},{"ancestorTitles":["Cross-Reference Validation"],"fullName":"Cross-Reference Validation Books in forges should align with book_recommendations byForge","status":"passed","title":"Books in forges should align with book_recommendations byForge","duration":0.3136500000000524,"failureMessages":[],"meta":{}},{"ancestorTitles":["Cross-Reference Validation"],"fullName":"Cross-Reference Validation All Five Forges should have book recommendations","status":"passed","title":"All Five Forges should have book recommendations","duration":0.9615599999997357,"failureMessages":[],"meta":{}},{"ancestorTitles":["Cross-Reference Validation"],"fullName":"Cross-Reference Validation All Six Knowledges should have book recommendations","status":"passed","title":"All Six Knowledges should have book recommendations","duration":0.6919200000011188,"failureMessages":[],"meta":{}}],"startTime":1773691385922,"endTime":1773691386052.692,"status":"passed","message":"","name":"/mnt/c/Users/Ultimate Warrior/My project/HumanDesign/tests/canonical.test.js"},{"assertionResults":[{"ancestorTitles":["daily ceiling — DB-backed atomic counter"],"fullName":"daily ceiling — DB-backed atomic counter returns null when the incremented count stays within the daily limit","status":"passed","title":"returns null when the incremented count stays within the daily limit","duration":6.414299999996729,"failureMessages":[],"meta":{}},{"ancestorTitles":["daily ceiling — DB-backed atomic counter"],"fullName":"daily ceiling — DB-backed atomic counter returns 429 when the incremented count exceeds the daily limit","status":"passed","title":"returns 429 when the incremented count exceeds the daily limit","duration":1.7185499999977765,"failureMessages":[],"meta":{}}],"startTime":1773691399930,"endTime":1773691399937.7185,"status":"passed","message":"","name":"/mnt/c/Users/Ultimate Warrior/My project/HumanDesign/tests/daily-ceiling-runtime.test.js"},{"assertionResults":[{"ancestorTitles":["Layer 1: Julian Day + Sun"],"fullName":"Layer 1: Julian Day + Sun computes correct JDN for AP birth","status":"passed","title":"computes correct JDN for AP birth","duration":1.9979100000018661,"failureMessages":[],"meta":{}},{"ancestorTitles":["Layer 1: Julian Day + Sun"],"fullName":"Layer 1: Julian Day + Sun computes Sun longitude within 0.01° of expected","status":"passed","title":"computes Sun longitude within 0.01° of expected","duration":0.35424000000057276,"failureMessages":[],"meta":{}},{"ancestorTitles":["Layer 1: Julian Day + Sun"],"fullName":"Layer 1: Julian Day + Sun handles J2000.0 epoch","status":"passed","title":"handles J2000.0 epoch","duration":0.2374199999976554,"failureMessages":[],"meta":{}},{"ancestorTitles":["Layer 1: Julian Day + Sun"],"fullName":"Layer 1: Julian Day + Sun normalizes degrees correctly","status":"passed","title":"normalizes degrees correctly","duration":0.7050600000002305,"failureMessages":[],"meta":{}},{"ancestorTitles":["Layer 2: Planetary Positions"],"fullName":"Layer 2: Planetary Positions returns all 12 bodies","status":"passed","title":"returns all 12 bodies","duration":2.654999999998836,"failureMessages":[],"meta":{}},{"ancestorTitles":["Layer 2: Planetary Positions"],"fullName":"Layer 2: Planetary Positions Sun in Leo (~132.91°)","status":"passed","title":"Sun in Leo (~132.91°)","duration":0.1988100000016857,"failureMessages":[],"meta":{}},{"ancestorTitles":["Layer 2: Planetary Positions"],"fullName":"Layer 2: Planetary Positions Moon in Capricorn (~282°)","status":"passed","title":"Moon in Capricorn (~282°)","duration":0.31248000000050524,"failureMessages":[],"meta":{}},{"ancestorTitles":["Layer 2: Planetary Positions"],"fullName":"Layer 2: Planetary Positions South Node is opposite North Node","status":"passed","title":"South Node is opposite North Node","duration":0.2755800000013551,"failureMessages":[],"meta":{}},{"ancestorTitles":["Layer 3: Design Side"],"fullName":"Layer 3: Design Side finds design date in May 1979","status":"passed","title":"finds design date in May 1979","duration":0.4381199999988894,"failureMessages":[],"meta":{}},{"ancestorTitles":["Layer 3: Design Side"],"fullName":"Layer 3: Design Side design Sun 88° before birth Sun","status":"passed","title":"design Sun 88° before birth Sun","duration":0.2869200000022829,"failureMessages":[],"meta":{}},{"ancestorTitles":["Layer 4: Gate/Line Lookup"],"fullName":"Layer 4: Gate/Line Lookup personality sun = Gate 33.6","status":"passed","title":"personality sun = Gate 33.6","duration":0.2950200000013865,"failureMessages":[],"meta":{}},{"ancestorTitles":["Layer 4: Gate/Line Lookup"],"fullName":"Layer 4: Gate/Line Lookup personality moon = Gate 38.4","status":"passed","title":"personality moon = Gate 38.4","duration":0.22148999999990338,"failureMessages":[],"meta":{}},{"ancestorTitles":["Layer 4: Gate/Line Lookup"],"fullName":"Layer 4: Gate/Line Lookup personality mercury = Gate 31.3","status":"passed","title":"personality mercury = Gate 31.3","duration":0.20619000000078813,"failureMessages":[],"meta":{}},{"ancestorTitles":["Layer 4: Gate/Line Lookup"],"fullName":"Layer 4: Gate/Line Lookup personality venus = Gate 31.6","status":"passed","title":"personality venus = Gate 31.6","duration":0.394109999997454,"failureMessages":[],"meta":{}},{"ancestorTitles":["Layer 4: Gate/Line Lookup"],"fullName":"Layer 4: Gate/Line Lookup personality mars = Gate 12.6","status":"passed","title":"personality mars = Gate 12.6","duration":0.24795000000085565,"failureMessages":[],"meta":{}},{"ancestorTitles":["Layer 4: Gate/Line Lookup"],"fullName":"Layer 4: Gate/Line Lookup personality jupiter = Gate 7.6","status":"passed","title":"personality jupiter = Gate 7.6","duration":0.38709000000017113,"failureMessages":[],"meta":{}},{"ancestorTitles":["Layer 4: Gate/Line Lookup"],"fullName":"Layer 4: Gate/Line Lookup personality saturn = Gate 64.2","status":"passed","title":"personality saturn = Gate 64.2","duration":1.8633599999993748,"failureMessages":[],"meta":{}},{"ancestorTitles":["Layer 4: Gate/Line Lookup"],"fullName":"Layer 4: Gate/Line Lookup personality uranus = Gate 1.4","status":"passed","title":"personality uranus = Gate 1.4","duration":0.6799500000015541,"failureMessages":[],"meta":{}},{"ancestorTitles":["Layer 4: Gate/Line Lookup"],"fullName":"Layer 4: Gate/Line Lookup personality neptune = Gate 26.1","status":"passed","title":"personality neptune = Gate 26.1","duration":0.2272499999999127,"failureMessages":[],"meta":{}},{"ancestorTitles":["Layer 4: Gate/Line Lookup"],"fullName":"Layer 4: Gate/Line Lookup personality pluto = Gate 57.2","status":"passed","title":"personality pluto = Gate 57.2","duration":0.36035999999876367,"failureMessages":[],"meta":{}},{"ancestorTitles":["Layer 4: Gate/Line Lookup"],"fullName":"Layer 4: Gate/Line Lookup personality northNode = Gate 40.4","status":"passed","title":"personality northNode = Gate 40.4","duration":0.19728000000031898,"failureMessages":[],"meta":{}},{"ancestorTitles":["Layer 4: Gate/Line Lookup"],"fullName":"Layer 4: Gate/Line Lookup personality southNode = Gate 37.4","status":"passed","title":"personality southNode = Gate 37.4","duration":0.1771199999966484,"failureMessages":[],"meta":{}},{"ancestorTitles":["Layer 4: Gate/Line Lookup"],"fullName":"Layer 4: Gate/Line Lookup personality earth = Gate 19.6","status":"passed","title":"personality earth = Gate 19.6","duration":0.38493000000016764,"failureMessages":[],"meta":{}},{"ancestorTitles":["Layer 4: Gate/Line Lookup"],"fullName":"Layer 4: Gate/Line Lookup design sun = Gate 2.2","status":"passed","title":"design sun = Gate 2.2","duration":0.277379999999539,"failureMessages":[],"meta":{}},{"ancestorTitles":["Layer 4: Gate/Line Lookup"],"fullName":"Layer 4: Gate/Line Lookup design moon = Gate 59.6","status":"passed","title":"design moon = Gate 59.6","duration":0.17289000000164378,"failureMessages":[],"meta":{}},{"ancestorTitles":["Layer 4: Gate/Line Lookup"],"fullName":"Layer 4: Gate/Line Lookup design mercury = Gate 42.2","status":"passed","title":"design mercury = Gate 42.2","duration":0.20825999999942724,"failureMessages":[],"meta":{}},{"ancestorTitles":["Layer 4: Gate/Line Lookup"],"fullName":"Layer 4: Gate/Line Lookup design venus = Gate 51.1","status":"passed","title":"design venus = Gate 51.1","duration":0.16974000000118394,"failureMessages":[],"meta":{}},{"ancestorTitles":["Layer 4: Gate/Line Lookup"],"fullName":"Layer 4: Gate/Line Lookup design mars = Gate 42.2","status":"passed","title":"design mars = Gate 42.2","duration":0.16812000000209082,"failureMessages":[],"meta":{}},{"ancestorTitles":["Layer 4: Gate/Line Lookup"],"fullName":"Layer 4: Gate/Line Lookup design jupiter = Gate 56.6","status":"passed","title":"design jupiter = Gate 56.6","duration":0.16794000000300002,"failureMessages":[],"meta":{}},{"ancestorTitles":["Layer 4: Gate/Line Lookup"],"fullName":"Layer 4: Gate/Line Lookup design saturn = Gate 40.2","status":"passed","title":"design saturn = Gate 40.2","duration":0.1825200000021141,"failureMessages":[],"meta":{}},{"ancestorTitles":["Layer 4: Gate/Line Lookup"],"fullName":"Layer 4: Gate/Line Lookup design uranus = Gate 43.1","status":"passed","title":"design uranus = Gate 43.1","duration":0.19107000000076368,"failureMessages":[],"meta":{}},{"ancestorTitles":["Layer 4: Gate/Line Lookup"],"fullName":"Layer 4: Gate/Line Lookup design neptune = Gate 26.4","status":"passed","title":"design neptune = Gate 26.4","duration":0.17018999999709195,"failureMessages":[],"meta":{}},{"ancestorTitles":["Layer 4: Gate/Line Lookup"],"fullName":"Layer 4: Gate/Line Lookup design pluto = Gate 57.3","status":"passed","title":"design pluto = Gate 57.3","duration":0.3091500000009546,"failureMessages":[],"meta":{}},{"ancestorTitles":["Layer 4: Gate/Line Lookup"],"fullName":"Layer 4: Gate/Line Lookup design northNode = Gate 64.5","status":"passed","title":"design northNode = Gate 64.5","duration":0.19682999999713502,"failureMessages":[],"meta":{}},{"ancestorTitles":["Layer 4: Gate/Line Lookup"],"fullName":"Layer 4: Gate/Line Lookup design southNode = Gate 63.5","status":"passed","title":"design southNode = Gate 63.5","duration":0.16784999999799766,"failureMessages":[],"meta":{}},{"ancestorTitles":["Layer 4: Gate/Line Lookup"],"fullName":"Layer 4: Gate/Line Lookup design earth = Gate 1.2","status":"passed","title":"design earth = Gate 1.2","duration":0.16182000000117114,"failureMessages":[],"meta":{}},{"ancestorTitles":["Layer 4: Gate/Line Lookup"],"fullName":"Layer 4: Gate/Line Lookup provides color/tone/base subdivisions","status":"passed","title":"provides color/tone/base subdivisions","duration":0.5901300000004994,"failureMessages":[],"meta":{}},{"ancestorTitles":["Layer 5: Chart Determination"],"fullName":"Layer 5: Chart Determination type = Projector","status":"passed","title":"type = Projector","duration":0.16371000000071945,"failureMessages":[],"meta":{}},{"ancestorTitles":["Layer 5: Chart Determination"],"fullName":"Layer 5: Chart Determination authority = Emotional - Solar Plexus","status":"passed","title":"authority = Emotional - Solar Plexus","duration":0.2996999999995751,"failureMessages":[],"meta":{}},{"ancestorTitles":["Layer 5: Chart Determination"],"fullName":"Layer 5: Chart Determination strategy = Wait for the Invitation","status":"passed","title":"strategy = Wait for the Invitation","duration":0.1585799999993469,"failureMessages":[],"meta":{}},{"ancestorTitles":["Layer 5: Chart Determination"],"fullName":"Layer 5: Chart Determination not-self theme = Bitterness","status":"passed","title":"not-self theme = Bitterness","duration":0.18845999999757623,"failureMessages":[],"meta":{}},{"ancestorTitles":["Layer 5: Chart Determination"],"fullName":"Layer 5: Chart Determination profile = 6/2","status":"passed","title":"profile = 6/2","duration":0.15102000000115368,"failureMessages":[],"meta":{}},{"ancestorTitles":["Layer 5: Chart Determination"],"fullName":"Layer 5: Chart Determination definition = Split Definition","status":"passed","title":"definition = Split Definition","duration":0.17289000000164378,"failureMessages":[],"meta":{}},{"ancestorTitles":["Layer 5: Chart Determination"],"fullName":"Layer 5: Chart Determination cross = Left Angle Cross [33,19,2,1]","status":"passed","title":"cross = Left Angle Cross [33,19,2,1]","duration":1.054710000000341,"failureMessages":[],"meta":{}},{"ancestorTitles":["Layer 5: Chart Determination"],"fullName":"Layer 5: Chart Determination has channels 7-31 and 37-40","status":"passed","title":"has channels 7-31 and 37-40","duration":1.287449999999808,"failureMessages":[],"meta":{}},{"ancestorTitles":["Layer 5: Chart Determination"],"fullName":"Layer 5: Chart Determination defines G, Throat, Heart, SolarPlexus","status":"passed","title":"defines G, Throat, Heart, SolarPlexus","duration":0.8156699999999546,"failureMessages":[],"meta":{}},{"ancestorTitles":["Layer 5: Chart Determination"],"fullName":"Layer 5: Chart Determination two connected components (Split)","status":"passed","title":"two connected components (Split)","duration":0.6364800000010291,"failureMessages":[],"meta":{}},{"ancestorTitles":["Layer 5: Chart Determination (0921 Anchor)"],"fullName":"Layer 5: Chart Determination (0921 Anchor) type = Manifesting Generator","status":"passed","title":"type = Manifesting Generator","duration":0.1926899999998568,"failureMessages":[],"meta":{}},{"ancestorTitles":["Layer 5: Chart Determination (0921 Anchor)"],"fullName":"Layer 5: Chart Determination (0921 Anchor) authority = Emotional - Solar Plexus","status":"passed","title":"authority = Emotional - Solar Plexus","duration":0.160650000001624,"failureMessages":[],"meta":{}},{"ancestorTitles":["Layer 5: Chart Determination (0921 Anchor)"],"fullName":"Layer 5: Chart Determination (0921 Anchor) profile = 1/3","status":"passed","title":"profile = 1/3","duration":0.156330000001617,"failureMessages":[],"meta":{}},{"ancestorTitles":["Layer 5: Chart Determination (0921 Anchor)"],"fullName":"Layer 5: Chart Determination (0921 Anchor) P Sun = Gate 46 Line 1","status":"passed","title":"P Sun = Gate 46 Line 1","duration":0.2695499999972526,"failureMessages":[],"meta":{}},{"ancestorTitles":["Layer 5: Chart Determination (0921 Anchor)"],"fullName":"Layer 5: Chart Determination (0921 Anchor) D Sun = Gate 15 Line 3","status":"passed","title":"D Sun = Gate 15 Line 3","duration":0.24191999999675318,"failureMessages":[],"meta":{}},{"ancestorTitles":["Layer 5: Chart Determination (0921 Anchor)"],"fullName":"Layer 5: Chart Determination (0921 Anchor) cross = Right Angle Cross","status":"passed","title":"cross = Right Angle Cross","duration":0.2712600000013481,"failureMessages":[],"meta":{}},{"ancestorTitles":["Layer 6: Western Astrology"],"fullName":"Layer 6: Western Astrology Sun in Leo","status":"passed","title":"Sun in Leo","duration":0.196830000000773,"failureMessages":[],"meta":{}},{"ancestorTitles":["Layer 6: Western Astrology"],"fullName":"Layer 6: Western Astrology Ascendant in Capricorn","status":"passed","title":"Ascendant in Capricorn","duration":0.15227999999842723,"failureMessages":[],"meta":{}},{"ancestorTitles":["Layer 6: Western Astrology"],"fullName":"Layer 6: Western Astrology Midheaven in Scorpio","status":"passed","title":"Midheaven in Scorpio","duration":0.17432999999800813,"failureMessages":[],"meta":{}},{"ancestorTitles":["Layer 6: Western Astrology"],"fullName":"Layer 6: Western Astrology house cusps are monotonically ordered","status":"passed","title":"house cusps are monotonically ordered","duration":3.233970000001136,"failureMessages":[],"meta":{}},{"ancestorTitles":["Layer 6: Western Astrology"],"fullName":"Layer 6: Western Astrology Sun in House 7 (evening birth)","status":"passed","title":"Sun in House 7 (evening birth)","duration":0.3418199999978242,"failureMessages":[],"meta":{}},{"ancestorTitles":["Layer 6: Western Astrology"],"fullName":"Layer 6: Western Astrology Moon in House 12 (near ASC)","status":"passed","title":"Moon in House 12 (near ASC)","duration":0.17225999999936903,"failureMessages":[],"meta":{}},{"ancestorTitles":["Layer 6: Western Astrology"],"fullName":"Layer 6: Western Astrology finds natal aspects","status":"passed","title":"finds natal aspects","duration":0.3575700000001234,"failureMessages":[],"meta":{}},{"ancestorTitles":["Layer 6: Western Astrology"],"fullName":"Layer 6: Western Astrology has all 12 house cusps","status":"passed","title":"has all 12 house cusps","duration":1.9628999999986263,"failureMessages":[],"meta":{}},{"ancestorTitles":["Layer 7: Transits","getCurrentTransits"],"fullName":"Layer 7: Transits getCurrentTransits returns transit date","status":"passed","title":"returns transit date","duration":0.2106899999998859,"failureMessages":[],"meta":{}},{"ancestorTitles":["Layer 7: Transits","getCurrentTransits"],"fullName":"Layer 7: Transits getCurrentTransits transit Sun in Gemini mid-June","status":"passed","title":"transit Sun in Gemini mid-June","duration":0.15758999999889056,"failureMessages":[],"meta":{}},{"ancestorTitles":["Layer 7: Transits","getCurrentTransits"],"fullName":"Layer 7: Transits getCurrentTransits has gate activations for all 14 bodies","status":"passed","title":"has gate activations for all 14 bodies","duration":0.14966999999887776,"failureMessages":[],"meta":{}},{"ancestorTitles":["Layer 7: Transits","getCurrentTransits"],"fullName":"Layer 7: Transits getCurrentTransits identifies natal gate matches","status":"passed","title":"identifies natal gate matches","duration":0.2088000000003376,"failureMessages":[],"meta":{}},{"ancestorTitles":["Layer 7: Transits","getCurrentTransits"],"fullName":"Layer 7: Transits getCurrentTransits calculates transit-to-natal aspects","status":"passed","title":"calculates transit-to-natal aspects","duration":0.1728000000002794,"failureMessages":[],"meta":{}},{"ancestorTitles":["Layer 7: Transits","getCurrentTransits"],"fullName":"Layer 7: Transits getCurrentTransits aspect objects have required fields","status":"passed","title":"aspect objects have required fields","duration":0.36648000000059255,"failureMessages":[],"meta":{}},{"ancestorTitles":["Layer 7: Transits","getTransitForecast"],"fullName":"Layer 7: Transits getTransitForecast covers 31 days","status":"passed","title":"covers 31 days","duration":0.1566000000020722,"failureMessages":[],"meta":{}},{"ancestorTitles":["Layer 7: Transits","getTransitForecast"],"fullName":"Layer 7: Transits getTransitForecast finds gate ingresses","status":"passed","title":"finds gate ingresses","duration":0.16947000000072876,"failureMessages":[],"meta":{}},{"ancestorTitles":["Layer 7: Transits","getTransitForecast"],"fullName":"Layer 7: Transits getTransitForecast events have date and description","status":"passed","title":"events have date and description","duration":0.3977100000010978,"failureMessages":[],"meta":{}},{"ancestorTitles":["Layer 7: Transits","getTransitForecast"],"fullName":"Layer 7: Transits getTransitForecast caps forecast at 366 days","status":"passed","title":"caps forecast at 366 days","duration":170.35092000000077,"failureMessages":[],"meta":{}},{"ancestorTitles":["Layer 8: Synthesis"],"fullName":"Layer 8: Synthesis builds prompt with correct model config","status":"passed","title":"builds prompt with correct model config","duration":91.16207999999824,"failureMessages":[],"meta":{}},{"ancestorTitles":["Layer 8: Synthesis"],"fullName":"Layer 8: Synthesis uses Sonnet for questions","status":"passed","title":"uses Sonnet for questions","duration":1.9746000000013737,"failureMessages":[],"meta":{}},{"ancestorTitles":["Layer 8: Synthesis"],"fullName":"Layer 8: Synthesis includes reference facts with HD data","status":"passed","title":"includes reference facts with HD data","duration":2.079989999998361,"failureMessages":[],"meta":{}},{"ancestorTitles":["Layer 8: Synthesis"],"fullName":"Layer 8: Synthesis includes astrology data","status":"passed","title":"includes astrology data","duration":1.1782800000000861,"failureMessages":[],"meta":{}},{"ancestorTitles":["Layer 8: Synthesis"],"fullName":"Layer 8: Synthesis includes deterministic Forge identification","status":"passed","title":"includes deterministic Forge identification","duration":0.8184600000022328,"failureMessages":[],"meta":{}},{"ancestorTitles":["Layer 8: Synthesis","validateSynthesisResponse"],"fullName":"Layer 8: Synthesis validateSynthesisResponse accepts valid response","status":"passed","title":"accepts valid response","duration":0.6219899999996414,"failureMessages":[],"meta":{}},{"ancestorTitles":["Layer 8: Synthesis","validateSynthesisResponse"],"fullName":"Layer 8: Synthesis validateSynthesisResponse rejects missing quickStartGuide","status":"passed","title":"rejects missing quickStartGuide","duration":0.2831399999995483,"failureMessages":[],"meta":{}},{"ancestorTitles":["Layer 8: Synthesis","validateSynthesisResponse"],"fullName":"Layer 8: Synthesis validateSynthesisResponse rejects invalid forge","status":"passed","title":"rejects invalid forge","duration":0.37836000000243075,"failureMessages":[],"meta":{}},{"ancestorTitles":["Layer 8: Synthesis","validateSynthesisResponse"],"fullName":"Layer 8: Synthesis validateSynthesisResponse rejects incomplete grounding","status":"passed","title":"rejects incomplete grounding","duration":0.18243000000074971,"failureMessages":[],"meta":{}},{"ancestorTitles":["Layer 8: Synthesis","validateSynthesisResponse"],"fullName":"Layer 8: Synthesis validateSynthesisResponse parses JSON string input","status":"passed","title":"parses JSON string input","duration":0.3233700000018871,"failureMessages":[],"meta":{}},{"ancestorTitles":["Edge Cases"],"fullName":"Edge Cases handles birth at midnight UTC","status":"passed","title":"handles birth at midnight UTC","duration":0.35261999999784166,"failureMessages":[],"meta":{}},{"ancestorTitles":["Edge Cases"],"fullName":"Edge Cases handles high latitude (60°N)","status":"passed","title":"handles high latitude (60°N)","duration":1.3007699999980105,"failureMessages":[],"meta":{}},{"ancestorTitles":["Edge Cases"],"fullName":"Edge Cases handles southern hemisphere (-33.87°S)","status":"passed","title":"handles southern hemisphere (-33.87°S)","duration":0.7082100000006903,"failureMessages":[],"meta":{}},{"ancestorTitles":["Edge Cases"],"fullName":"Edge Cases gate lookup wraps around 360°","status":"passed","title":"gate lookup wraps around 360°","duration":0.26585999999952037,"failureMessages":[],"meta":{}},{"ancestorTitles":["Edge Cases"],"fullName":"Edge Cases transit forecast with no matching target gates","status":"passed","title":"transit forecast with no matching target gates","duration":3.6865799999977753,"failureMessages":[],"meta":{}},{"ancestorTitles":["Type Determination — All 5 Types"],"fullName":"Type Determination — All 5 Types Reflector: no defined centers","status":"passed","title":"Reflector: no defined centers","duration":1.1624400000000605,"failureMessages":[],"meta":{}},{"ancestorTitles":["Type Determination — All 5 Types"],"fullName":"Type Determination — All 5 Types Generator: Sacral defined, no motor→Throat","status":"passed","title":"Generator: Sacral defined, no motor→Throat","duration":1.6600499999985914,"failureMessages":[],"meta":{}},{"ancestorTitles":["Type Determination — All 5 Types"],"fullName":"Type Determination — All 5 Types Manifesting Generator: Sacral defined + motor→Throat","status":"passed","title":"Manifesting Generator: Sacral defined + motor→Throat","duration":0.9610199999988254,"failureMessages":[],"meta":{}},{"ancestorTitles":["Type Determination — All 5 Types"],"fullName":"Type Determination — All 5 Types Manifestor: no Sacral, motor→Throat","status":"passed","title":"Manifestor: no Sacral, motor→Throat","duration":1.8120600000002014,"failureMessages":[],"meta":{}},{"ancestorTitles":["Type Determination — All 5 Types"],"fullName":"Type Determination — All 5 Types Projector: no Sacral, no motor→Throat, centers defined","status":"passed","title":"Projector: no Sacral, no motor→Throat, centers defined","duration":0.9322199999987788,"failureMessages":[],"meta":{}},{"ancestorTitles":["Authority Variants"],"fullName":"Authority Variants Emotional authority (SolarPlexus defined)","status":"passed","title":"Emotional authority (SolarPlexus defined)","duration":0.27306000000317,"failureMessages":[],"meta":{}},{"ancestorTitles":["Authority Variants"],"fullName":"Authority Variants Sacral authority (Sacral defined, no SolarPlexus)","status":"passed","title":"Sacral authority (Sacral defined, no SolarPlexus)","duration":0.2250899999999092,"failureMessages":[],"meta":{}},{"ancestorTitles":["Authority Variants"],"fullName":"Authority Variants Splenic authority (Spleen defined, no SolarPlexus/Sacral)","status":"passed","title":"Splenic authority (Spleen defined, no SolarPlexus/Sacral)","duration":0.2871900000027381,"failureMessages":[],"meta":{}},{"ancestorTitles":["Authority Variants"],"fullName":"Authority Variants Ego Manifested authority (Heart→Throat, Manifestor)","status":"passed","title":"Ego Manifested authority (Heart→Throat, Manifestor)","duration":0.3110400000005029,"failureMessages":[],"meta":{}},{"ancestorTitles":["Authority Variants"],"fullName":"Authority Variants Ego Projected authority (Heart defined, NOT connected to Throat)","status":"passed","title":"Ego Projected authority (Heart defined, NOT connected to Throat)","duration":0.2768399999986286,"failureMessages":[],"meta":{}},{"ancestorTitles":["Authority Variants"],"fullName":"Authority Variants Self-Projected authority (G defined, no SolarPlexus/Sacral/Spleen/Heart)","status":"passed","title":"Self-Projected authority (G defined, no SolarPlexus/Sacral/Spleen/Heart)","duration":0.2731500000008964,"failureMessages":[],"meta":{}},{"ancestorTitles":["Authority Variants"],"fullName":"Authority Variants Mental (None) authority (only Head/Ajna defined)","status":"passed","title":"Mental (None) authority (only Head/Ajna defined)","duration":0.30464999999821885,"failureMessages":[],"meta":{}},{"ancestorTitles":["Authority Variants"],"fullName":"Authority Variants Lunar authority (Reflector)","status":"passed","title":"Lunar authority (Reflector)","duration":0.2927700000000186,"failureMessages":[],"meta":{}},{"ancestorTitles":["Definition Variants"],"fullName":"Definition Variants None definition (Reflector)","status":"passed","title":"None definition (Reflector)","duration":0.24425999999948544,"failureMessages":[],"meta":{}},{"ancestorTitles":["Definition Variants"],"fullName":"Definition Variants Single Definition (one connected group)","status":"passed","title":"Single Definition (one connected group)","duration":0.47313000000212924,"failureMessages":[],"meta":{}},{"ancestorTitles":["Definition Variants"],"fullName":"Definition Variants Split Definition (two separate groups)","status":"passed","title":"Split Definition (two separate groups)","duration":0.39275999999881606,"failureMessages":[],"meta":{}},{"ancestorTitles":["Definition Variants"],"fullName":"Definition Variants Triple Split Definition (three separate groups)","status":"passed","title":"Triple Split Definition (three separate groups)","duration":0.46691999999893596,"failureMessages":[],"meta":{}},{"ancestorTitles":["Layer 12: Mayan Tzolkin (Dreamspell)"],"fullName":"Layer 12: Mayan Tzolkin (Dreamspell) returns correct kin for AP birth vector","status":"passed","title":"returns correct kin for AP birth vector","duration":0.177029999998922,"failureMessages":[],"meta":{}},{"ancestorTitles":["Layer 12: Mayan Tzolkin (Dreamspell)"],"fullName":"Layer 12: Mayan Tzolkin (Dreamspell) kin is always in range 1–260","status":"passed","title":"kin is always in range 1–260","duration":0.20996999999988475,"failureMessages":[],"meta":{}},{"ancestorTitles":["Layer 12: Mayan Tzolkin (Dreamspell)"],"fullName":"Layer 12: Mayan Tzolkin (Dreamspell) returns seal as camelCase key matching sealName","status":"passed","title":"returns seal as camelCase key matching sealName","duration":0.33021000000007916,"failureMessages":[],"meta":{}},{"ancestorTitles":["Layer 12: Mayan Tzolkin (Dreamspell)"],"fullName":"Layer 12: Mayan Tzolkin (Dreamspell) returns correct tone for AP birth vector","status":"passed","title":"returns correct tone for AP birth vector","duration":0.38438999999925727,"failureMessages":[],"meta":{}},{"ancestorTitles":["Layer 12: Mayan Tzolkin (Dreamspell)"],"fullName":"Layer 12: Mayan Tzolkin (Dreamspell) tone is always in range 1–13","status":"passed","title":"tone is always in range 1–13","duration":0.19926000000123167,"failureMessages":[],"meta":{}},{"ancestorTitles":["Layer 12: Mayan Tzolkin (Dreamspell)"],"fullName":"Layer 12: Mayan Tzolkin (Dreamspell) wavespell is in range 1–20 and signature is composed correctly","status":"passed","title":"wavespell is in range 1–20 and signature is composed correctly","duration":0.3616199999996752,"failureMessages":[],"meta":{}},{"ancestorTitles":["Layer 12: Mayan Tzolkin (Dreamspell)"],"fullName":"Layer 12: Mayan Tzolkin (Dreamspell) produces different kin for a different birth date","status":"passed","title":"produces different kin for a different birth date","duration":0.4881599999971513,"failureMessages":[],"meta":{}},{"ancestorTitles":["Layer 12: Mayan Tzolkin (Dreamspell)"],"fullName":"Layer 12: Mayan Tzolkin (Dreamspell) kin cycles correctly — 260 days later kin is identical","status":"passed","title":"kin cycles correctly — 260 days later kin is identical","duration":0.33470999999917694,"failureMessages":[],"meta":{}},{"ancestorTitles":["Layer 13: BaZi — Four Pillars"],"fullName":"Layer 13: BaZi — Four Pillars returns all four pillars","status":"passed","title":"returns all four pillars","duration":0.349740000001475,"failureMessages":[],"meta":{}},{"ancestorTitles":["Layer 13: BaZi — Four Pillars"],"fullName":"Layer 13: BaZi — Four Pillars year pillar is Ji-Wei (己未) for Aug 1979","status":"passed","title":"year pillar is Ji-Wei (己未) for Aug 1979","duration":0.46251000000120257,"failureMessages":[],"meta":{}},{"ancestorTitles":["Layer 13: BaZi — Four Pillars"],"fullName":"Layer 13: BaZi — Four Pillars each pillar has stem and branch with required fields","status":"passed","title":"each pillar has stem and branch with required fields","duration":1.6201800000017101,"failureMessages":[],"meta":{}},{"ancestorTitles":["Layer 13: BaZi — Four Pillars"],"fullName":"Layer 13: BaZi — Four Pillars day master is Guǐ (Yin Water) for AP birth vector","status":"passed","title":"day master is Guǐ (Yin Water) for AP birth vector","duration":0.6075899999996182,"failureMessages":[],"meta":{}},{"ancestorTitles":["Layer 13: BaZi — Four Pillars"],"fullName":"Layer 13: BaZi — Four Pillars elementBalance has counts object with all 5 elements","status":"passed","title":"elementBalance has counts object with all 5 elements","duration":0.47132999999666936,"failureMessages":[],"meta":{}},{"ancestorTitles":["Layer 13: BaZi — Four Pillars"],"fullName":"Layer 13: BaZi — Four Pillars elementBalance totals exactly 8 (4 stems + 4 branches)","status":"passed","title":"elementBalance totals exactly 8 (4 stems + 4 branches)","duration":0.21033000000170432,"failureMessages":[],"meta":{}},{"ancestorTitles":["Layer 13: BaZi — Four Pillars"],"fullName":"Layer 13: BaZi — Four Pillars elementBalance has correct dominant and lacking for AP vector","status":"passed","title":"elementBalance has correct dominant and lacking for AP vector","duration":0.21248999999806983,"failureMessages":[],"meta":{}},{"ancestorTitles":["Layer 13: BaZi — Four Pillars"],"fullName":"Layer 13: BaZi — Four Pillars Feb 3 vs Feb 4 2000: year changes at Lì Chūn boundary","status":"passed","title":"Feb 3 vs Feb 4 2000: year changes at Lì Chūn boundary","duration":0.7275599999993574,"failureMessages":[],"meta":{}},{"ancestorTitles":["Layer 14: Sabian Symbols"],"fullName":"Layer 14: Sabian Symbols returns symbol data for all four points","status":"passed","title":"returns symbol data for all four points","duration":0.31670999999914784,"failureMessages":[],"meta":{}},{"ancestorTitles":["Layer 14: Sabian Symbols"],"fullName":"Layer 14: Sabian Symbols Sun Sabian is Leo 13° for AP birth vector","status":"passed","title":"Sun Sabian is Leo 13° for AP birth vector","duration":0.40256999999837717,"failureMessages":[],"meta":{}},{"ancestorTitles":["Layer 14: Sabian Symbols"],"fullName":"Layer 14: Sabian Symbols Moon Sabian is Capricorn 13° for AP birth vector","status":"passed","title":"Moon Sabian is Capricorn 13° for AP birth vector","duration":0.646469999999681,"failureMessages":[],"meta":{}},{"ancestorTitles":["Layer 14: Sabian Symbols"],"fullName":"Layer 14: Sabian Symbols each point has all required fields","status":"passed","title":"each point has all required fields","duration":1.9496699999981502,"failureMessages":[],"meta":{}},{"ancestorTitles":["Layer 14: Sabian Symbols"],"fullName":"Layer 14: Sabian Symbols absolute degree maps to correct sign and degree-in-sign","status":"passed","title":"absolute degree maps to correct sign and degree-in-sign","duration":0.29421000000002095,"failureMessages":[],"meta":{}},{"ancestorTitles":["Layer 14: Sabian Symbols"],"fullName":"Layer 14: Sabian Symbols display string includes sign and degree","status":"passed","title":"display string includes sign and degree","duration":0.37422000000151456,"failureMessages":[],"meta":{}},{"ancestorTitles":["Layer 15: Chiron"],"fullName":"Layer 15: Chiron returns correct sign for AP birth vector","status":"passed","title":"returns correct sign for AP birth vector","duration":0.2791800000013609,"failureMessages":[],"meta":{}},{"ancestorTitles":["Layer 15: Chiron"],"fullName":"Layer 15: Chiron returns longitude in valid range","status":"passed","title":"returns longitude in valid range","duration":0.6358499999987544,"failureMessages":[],"meta":{}},{"ancestorTitles":["Layer 15: Chiron"],"fullName":"Layer 15: Chiron returns house 9 for AP birth vector (not default 1)","status":"passed","title":"returns house 9 for AP birth vector (not default 1)","duration":0.2626200000013341,"failureMessages":[],"meta":{}},{"ancestorTitles":["Layer 15: Chiron"],"fullName":"Layer 15: Chiron returns KB archetype fields from chiron.json","status":"passed","title":"returns KB archetype fields from chiron.json","duration":0.5726700000013807,"failureMessages":[],"meta":{}},{"ancestorTitles":["Layer 15: Chiron"],"fullName":"Layer 15: Chiron archetype is \"The Wounded Diplomat\" for Chiron in Libra","status":"passed","title":"archetype is \"The Wounded Diplomat\" for Chiron in Libra","duration":0.4198499999984051,"failureMessages":[],"meta":{}},{"ancestorTitles":["Layer 15: Chiron"],"fullName":"Layer 15: Chiron returns signIndex and degrees fields","status":"passed","title":"returns signIndex and degrees fields","duration":0.25793999999950756,"failureMessages":[],"meta":{}},{"ancestorTitles":["Layer 15: Chiron"],"fullName":"Layer 15: Chiron handles missing chiron longitude gracefully","status":"passed","title":"handles missing chiron longitude gracefully","duration":0.7497000000003027,"failureMessages":[],"meta":{}},{"ancestorTitles":["Layer 15: Chiron"],"fullName":"Layer 15: Chiron works with null houses — returns house null not 1","status":"passed","title":"works with null houses — returns house null not 1","duration":0.4636800000007497,"failureMessages":[],"meta":{}},{"ancestorTitles":["Layer 16: Black Moon Lilith"],"fullName":"Layer 16: Black Moon Lilith returns correct sign for AP birth vector","status":"passed","title":"returns correct sign for AP birth vector","duration":0.20835000000079162,"failureMessages":[],"meta":{}},{"ancestorTitles":["Layer 16: Black Moon Lilith"],"fullName":"Layer 16: Black Moon Lilith returns longitude in valid range","status":"passed","title":"returns longitude in valid range","duration":0.2596499999999651,"failureMessages":[],"meta":{}},{"ancestorTitles":["Layer 16: Black Moon Lilith"],"fullName":"Layer 16: Black Moon Lilith returns house 8 for AP birth vector (not default 1)","status":"passed","title":"returns house 8 for AP birth vector (not default 1)","duration":0.27044999999998254,"failureMessages":[],"meta":{}},{"ancestorTitles":["Layer 16: Black Moon Lilith"],"fullName":"Layer 16: Black Moon Lilith returns KB archetype fields from lilith.json","status":"passed","title":"returns KB archetype fields from lilith.json","duration":0.32040000000051805,"failureMessages":[],"meta":{}},{"ancestorTitles":["Layer 16: Black Moon Lilith"],"fullName":"Layer 16: Black Moon Lilith archetype is \"The Untamed Priestess\" for Lilith in Virgo","status":"passed","title":"archetype is \"The Untamed Priestess\" for Lilith in Virgo","duration":0.14346000000296044,"failureMessages":[],"meta":{}},{"ancestorTitles":["Layer 16: Black Moon Lilith"],"fullName":"Layer 16: Black Moon Lilith J2000 epoch returns Sagittarius at ~263.35°","status":"passed","title":"J2000 epoch returns Sagittarius at ~263.35°","duration":0.36459000000104425,"failureMessages":[],"meta":{}},{"ancestorTitles":["Layer 16: Black Moon Lilith"],"fullName":"Layer 16: Black Moon Lilith longitude advances with time — different JDNs give different positions","status":"passed","title":"longitude advances with time — different JDNs give different positions","duration":0.3171599999986938,"failureMessages":[],"meta":{}},{"ancestorTitles":["Layer 16: Black Moon Lilith"],"fullName":"Layer 16: Black Moon Lilith handles null jdn gracefully","status":"passed","title":"handles null jdn gracefully","duration":0.15164999999979045,"failureMessages":[],"meta":{}}],"startTime":1773691382944,"endTime":1773691383283.3171,"status":"passed","message":"","name":"/mnt/c/Users/Ultimate Warrior/My project/HumanDesign/tests/engine.test.js"},{"assertionResults":[{"ancestorTitles":["CTO-008: error-path coverage","analytics handler auth"],"fullName":"CTO-008: error-path coverage analytics handler auth audit token bypass: X-Audit-Token skips user auth entirely","status":"passed","title":"audit token bypass: X-Audit-Token skips user auth entirely","duration":1513.0586699999985,"failureMessages":[],"meta":{}},{"ancestorTitles":["CTO-008: error-path coverage","analytics handler auth"],"fullName":"CTO-008: error-path coverage analytics handler auth wrong audit token with no JWT returns 401","status":"passed","title":"wrong audit token with no JWT returns 401","duration":4.4487000000008265,"failureMessages":[],"meta":{}},{"ancestorTitles":["CTO-008: error-path coverage","analytics handler auth"],"fullName":"CTO-008: error-path coverage analytics handler auth user with JWT but free tier gets 403 (DB lookup, not JWT claim)","status":"passed","title":"user with JWT but free tier gets 403 (DB lookup, not JWT claim)","duration":4.512419999999111,"failureMessages":[],"meta":{}},{"ancestorTitles":["CTO-008: error-path coverage","analytics handler auth"],"fullName":"CTO-008: error-path coverage analytics handler auth practitioner user gets 200 via DB tier lookup","status":"passed","title":"practitioner user gets 200 via DB tier lookup","duration":6.468029999999999,"failureMessages":[],"meta":{}},{"ancestorTitles":["CTO-008: error-path coverage","cron withTimeout helper"],"fullName":"CTO-008: error-path coverage cron withTimeout helper resolves with the value when promise completes within timeout","status":"passed","title":"resolves with the value when promise completes within timeout","duration":0.4759200000007695,"failureMessages":[],"meta":{}},{"ancestorTitles":["CTO-008: error-path coverage","cron withTimeout helper"],"fullName":"CTO-008: error-path coverage cron withTimeout helper rejects with a labelled timeout error when promise hangs","status":"passed","title":"rejects with a labelled timeout error when promise hangs","duration":52.238249999998516,"failureMessages":[],"meta":{}},{"ancestorTitles":["CTO-008: error-path coverage","DB query structured logging format contract"],"fullName":"CTO-008: error-path coverage DB query structured logging format contract db_query_error entries contain event, durationMs, attempt, code, message","status":"passed","title":"db_query_error entries contain event, durationMs, attempt, code, message","duration":1.254690000001574,"failureMessages":[],"meta":{}},{"ancestorTitles":["CTO-008: error-path coverage","DB query structured logging format contract"],"fullName":"CTO-008: error-path coverage DB query structured logging format contract txn_rollback_failed entries contain event, code, message","status":"passed","title":"txn_rollback_failed entries contain event, code, message","duration":0.5774400000009337,"failureMessages":[],"meta":{}},{"ancestorTitles":["CTO-008: error-path coverage","DB query structured logging format contract"],"fullName":"CTO-008: error-path coverage DB query structured logging format contract slow_query warning fires when durationMs exceeds 1000ms threshold","status":"passed","title":"slow_query warning fires when durationMs exceeds 1000ms threshold","duration":0.6018299999996088,"failureMessages":[],"meta":{}},{"ancestorTitles":["CTO-008: error-path coverage","subscription downgrade deduplication (CFO-005)"],"fullName":"CTO-008: error-path coverage subscription downgrade deduplication (CFO-005) cancelExpiredSubscription returns empty rows when sub already canceled — no user tier update","status":"passed","title":"cancelExpiredSubscription returns empty rows when sub already canceled — no user tier update","duration":1.180080000001908,"failureMessages":[],"meta":{}},{"ancestorTitles":["CTO-008: error-path coverage","subscription downgrade deduplication (CFO-005)"],"fullName":"CTO-008: error-path coverage subscription downgrade deduplication (CFO-005) cancelExpiredSubscription downgrades user when sub is still active","status":"passed","title":"cancelExpiredSubscription downgrades user when sub is still active","duration":0.7840800000012678,"failureMessages":[],"meta":{}},{"ancestorTitles":["CTO-008: error-path coverage","webhook ghost subscription handling"],"fullName":"CTO-008: error-path coverage webhook ghost subscription handling ghost subscription scenario: no DB record → logs GHOST SUBSCRIPTION, does not re-throw","status":"passed","title":"ghost subscription scenario: no DB record → logs GHOST SUBSCRIPTION, does not re-throw","duration":0.9270900000010442,"failureMessages":[],"meta":{}},{"ancestorTitles":["CTO-008: error-path coverage","health endpoint degradation (CIO-004)"],"fullName":"CTO-008: error-path coverage health endpoint degradation (CIO-004) returns status=degraded and HTTP 503 when any dependency fails","status":"passed","title":"returns status=degraded and HTTP 503 when any dependency fails","duration":0.42273000000204775,"failureMessages":[],"meta":{}},{"ancestorTitles":["CTO-008: error-path coverage","health endpoint degradation (CIO-004)"],"fullName":"CTO-008: error-path coverage health endpoint degradation (CIO-004) returns status=ok and HTTP 200 when all dependencies healthy","status":"passed","title":"returns status=ok and HTTP 200 when all dependencies healthy","duration":0.4985999999989872,"failureMessages":[],"meta":{}}],"startTime":1773691377084,"endTime":1773691378672.4985,"status":"passed","message":"","name":"/mnt/c/Users/Ultimate Warrior/My project/HumanDesign/tests/error-paths.test.js"},{"assertionResults":[{"ancestorTitles":["handled route error pipeline"],"fullName":"handled route error pipeline reports handled route errors through analytics, sentry, and request correlation","status":"passed","title":"reports handled route errors through analytics, sentry, and request correlation","duration":13.33907999999792,"failureMessages":[],"meta":{}},{"ancestorTitles":["handled route error pipeline"],"fullName":"handled route error pipeline routes practitioner handler failures through the shared handled-error reporter","status":"passed","title":"routes practitioner handler failures through the shared handled-error reporter","duration":3.974579999998241,"failureMessages":[],"meta":{}}],"startTime":1773691391827,"endTime":1773691391843.9746,"status":"passed","message":"","name":"/mnt/c/Users/Ultimate Warrior/My project/HumanDesign/tests/handled-route-errors.test.js"},{"assertionResults":[{"ancestorTitles":["handleAgency — auth and routing"],"fullName":"handleAgency — auth and routing returns 401 when _user is not set","status":"passed","title":"returns 401 when _user is not set","duration":3.308759999999893,"failureMessages":[],"meta":{}},{"ancestorTitles":["handleAgency — auth and routing"],"fullName":"handleAgency — auth and routing returns 404 for unknown subpath","status":"passed","title":"returns 404 for unknown subpath","duration":1.1880899999996473,"failureMessages":[],"meta":{}},{"ancestorTitles":["handleAgency — auth and routing"],"fullName":"handleAgency — auth and routing returns 400 for invite with invalid email","status":"passed","title":"returns 400 for invite with invalid email","duration":1.8918900000026042,"failureMessages":[],"meta":{}},{"ancestorTitles":["handleAgency — auth and routing"],"fullName":"handleAgency — auth and routing returns 400 for invite with missing email","status":"passed","title":"returns 400 for invite with missing email","duration":1.303650000001653,"failureMessages":[],"meta":{}},{"ancestorTitles":["handleCheckinCreate — auth and validation"],"fullName":"handleCheckinCreate — auth and validation returns 401 when user is not authenticated","status":"passed","title":"returns 401 when user is not authenticated","duration":3.4119900000005146,"failureMessages":[],"meta":{}},{"ancestorTitles":["handleCheckinCreate — auth and validation"],"fullName":"handleCheckinCreate — auth and validation returns 400 when alignmentScore is missing","status":"passed","title":"returns 400 when alignmentScore is missing","duration":1.4521500000009837,"failureMessages":[],"meta":{}},{"ancestorTitles":["handleCheckinCreate — auth and validation"],"fullName":"handleCheckinCreate — auth and validation returns 400 when alignmentScore is out of range","status":"passed","title":"returns 400 when alignmentScore is out of range","duration":0.8871299999991606,"failureMessages":[],"meta":{}},{"ancestorTitles":["handleCheckinCreate — auth and validation"],"fullName":"handleCheckinCreate — auth and validation returns 400 when followedStrategy is not boolean","status":"passed","title":"returns 400 when followedStrategy is not boolean","duration":0.7750799999994342,"failureMessages":[],"meta":{}},{"ancestorTitles":["handleCheckinCreate — auth and validation"],"fullName":"handleCheckinCreate — auth and validation returns 400 when mood is invalid","status":"passed","title":"returns 400 when mood is invalid","duration":0.8089199999994889,"failureMessages":[],"meta":{}},{"ancestorTitles":["handleCheckinCreate — auth and validation"],"fullName":"handleCheckinCreate — auth and validation returns 400 when notes exceed 2000 characters","status":"passed","title":"returns 400 when notes exceed 2000 characters","duration":0.9741600000015751,"failureMessages":[],"meta":{}},{"ancestorTitles":["handleGetAchievements — auth"],"fullName":"handleGetAchievements — auth returns 401 when user is not authenticated","status":"passed","title":"returns 401 when user is not authenticated","duration":0.8784000000014203,"failureMessages":[],"meta":{}},{"ancestorTitles":["handleListNotes — auth (null guard fix)"],"fullName":"handleListNotes — auth (null guard fix) returns 401 when _user is undefined","status":"passed","title":"returns 401 when _user is undefined","duration":0.683999999997468,"failureMessages":[],"meta":{}},{"ancestorTitles":["handleListNotes — auth (null guard fix)"],"fullName":"handleListNotes — auth (null guard fix) returns 401 when _user.sub is missing","status":"passed","title":"returns 401 when _user.sub is missing","duration":0.4920300000012503,"failureMessages":[],"meta":{}},{"ancestorTitles":["handleCreateNote — auth and validation"],"fullName":"handleCreateNote — auth and validation returns 401 when _user is undefined","status":"passed","title":"returns 401 when _user is undefined","duration":0.8229599999976926,"failureMessages":[],"meta":{}}],"startTime":1773691390478,"endTime":1773691390497.823,"status":"passed","message":"","name":"/mnt/c/Users/Ultimate Warrior/My project/HumanDesign/tests/handler-validation.test.js"},{"assertionResults":[{"ancestorTitles":["POST /api/chart/calculate"],"fullName":"POST /api/chart/calculate returns full chart for valid AP input","status":"passed","title":"returns full chart for valid AP input","duration":40.53870000000097,"failureMessages":[],"meta":{}},{"ancestorTitles":["POST /api/chart/calculate"],"fullName":"POST /api/chart/calculate rejects missing birthDate","status":"passed","title":"rejects missing birthDate","duration":1.692719999999099,"failureMessages":[],"meta":{}},{"ancestorTitles":["POST /api/chart/calculate"],"fullName":"POST /api/chart/calculate rejects missing birthTime","status":"passed","title":"rejects missing birthTime","duration":1.0916099999994913,"failureMessages":[],"meta":{}},{"ancestorTitles":["POST /api/chart/calculate"],"fullName":"POST /api/chart/calculate rejects missing lat","status":"passed","title":"rejects missing lat","duration":1.2077100000024075,"failureMessages":[],"meta":{}},{"ancestorTitles":["POST /api/chart/calculate"],"fullName":"POST /api/chart/calculate rejects missing lng","status":"passed","title":"rejects missing lng","duration":1.1901600000019243,"failureMessages":[],"meta":{}},{"ancestorTitles":["POST /api/chart/calculate"],"fullName":"POST /api/chart/calculate handles timezone-aware conversion","status":"passed","title":"handles timezone-aware conversion","duration":6.13242000000173,"failureMessages":[],"meta":{}},{"ancestorTitles":["POST /api/chart/calculate"],"fullName":"POST /api/chart/calculate includes meta with calculation timestamp","status":"passed","title":"includes meta with calculation timestamp","duration":4.516650000001391,"failureMessages":[],"meta":{}},{"ancestorTitles":["POST /api/composite"],"fullName":"POST /api/composite computes composite for two people","status":"passed","title":"computes composite for two people","duration":6.541829999998299,"failureMessages":[],"meta":{}},{"ancestorTitles":["POST /api/composite"],"fullName":"POST /api/composite rejects missing personA","status":"passed","title":"rejects missing personA","duration":1.6136999999980617,"failureMessages":[],"meta":{}},{"ancestorTitles":["POST /api/composite"],"fullName":"POST /api/composite rejects missing personB","status":"passed","title":"rejects missing personB","duration":1.353240000000369,"failureMessages":[],"meta":{}},{"ancestorTitles":["POST /api/composite"],"fullName":"POST /api/composite rejects incomplete personA data","status":"passed","title":"rejects incomplete personA data","duration":1.028519999999844,"failureMessages":[],"meta":{}},{"ancestorTitles":["POST /api/composite"],"fullName":"POST /api/composite identifies type interactions","status":"passed","title":"identifies type interactions","duration":7.143389999997453,"failureMessages":[],"meta":{}},{"ancestorTitles":["POST /api/rectify"],"fullName":"POST /api/rectify returns sensitivity analysis for valid input","status":"passed","title":"returns sensitivity analysis for valid input","duration":14.495489999997517,"failureMessages":[],"meta":{}},{"ancestorTitles":["POST /api/rectify"],"fullName":"POST /api/rectify defaults windowMinutes=30, stepMinutes=5 when omitted","status":"passed","title":"defaults windowMinutes=30, stepMinutes=5 when omitted","duration":23.16573000000062,"failureMessages":[],"meta":{}},{"ancestorTitles":["POST /api/rectify"],"fullName":"POST /api/rectify caps windowMinutes at 120","status":"passed","title":"caps windowMinutes at 120","duration":32.9943600000006,"failureMessages":[],"meta":{}},{"ancestorTitles":["POST /api/rectify"],"fullName":"POST /api/rectify rejects missing required fields","status":"passed","title":"rejects missing required fields","duration":1.122029999998631,"failureMessages":[],"meta":{}},{"ancestorTitles":["POST /api/rectify"],"fullName":"POST /api/rectify includes guidance array","status":"passed","title":"includes guidance array","duration":12.014009999998962,"failureMessages":[],"meta":{}},{"ancestorTitles":["POST /api/rectify"],"fullName":"POST /api/rectify identifies critical change points","status":"passed","title":"identifies critical change points","duration":21.936869999997725,"failureMessages":[],"meta":{}},{"ancestorTitles":["POST /api/profile/generate"],"fullName":"POST /api/profile/generate rejects missing required fields","status":"passed","title":"rejects missing required fields","duration":1.8338399999993271,"failureMessages":[],"meta":{}},{"ancestorTitles":["POST /api/profile/generate"],"fullName":"POST /api/profile/generate rejects missing birthDate","status":"passed","title":"rejects missing birthDate","duration":0.7760699999998906,"failureMessages":[],"meta":{}},{"ancestorTitles":["POST /api/profile/generate"],"fullName":"POST /api/profile/generate rejects missing lat","status":"passed","title":"rejects missing lat","duration":1.1697299999977986,"failureMessages":[],"meta":{}},{"ancestorTitles":["GET /api/transits/forecast"],"fullName":"GET /api/transits/forecast rejects missing birthDate","status":"passed","title":"rejects missing birthDate","duration":1.4292900000000373,"failureMessages":[],"meta":{}},{"ancestorTitles":["GET /api/transits/forecast"],"fullName":"GET /api/transits/forecast rejects missing birthTime","status":"passed","title":"rejects missing birthTime","duration":3.6611999999986438,"failureMessages":[],"meta":{}},{"ancestorTitles":["GET /api/transits/forecast"],"fullName":"GET /api/transits/forecast returns forecast for valid input","status":"passed","title":"returns forecast for valid input","duration":4.48685999999725,"failureMessages":[],"meta":{}},{"ancestorTitles":["GET /api/transits/forecast"],"fullName":"GET /api/transits/forecast defaults to 30 days when days param omitted","status":"passed","title":"defaults to 30 days when days param omitted","duration":3.2360399999997753,"failureMessages":[],"meta":{}},{"ancestorTitles":["GET /api/transits/forecast"],"fullName":"GET /api/transits/forecast caps days at 90","status":"passed","title":"caps days at 90","duration":3.5367299999998068,"failureMessages":[],"meta":{}},{"ancestorTitles":["GET /api/transits/today"],"fullName":"GET /api/transits/today returns current transits without natal data","status":"passed","title":"returns current transits without natal data","duration":2.8098900000004505,"failureMessages":[],"meta":{}},{"ancestorTitles":["GET /api/transits/today"],"fullName":"GET /api/transits/today includes natal comparison when birth data provided","status":"passed","title":"includes natal comparison when birth data provided","duration":8.810730000001058,"failureMessages":[],"meta":{}},{"ancestorTitles":["GET /api/transits/today"],"fullName":"GET /api/transits/today accepts optional lat/lng for location context","status":"passed","title":"accepts optional lat/lng for location context","duration":1.4780700000010256,"failureMessages":[],"meta":{}},{"ancestorTitles":["POST /api/auth/register"],"fullName":"POST /api/auth/register rejects missing email","status":"passed","title":"rejects missing email","duration":2.115990000002057,"failureMessages":[],"meta":{}},{"ancestorTitles":["POST /api/auth/register"],"fullName":"POST /api/auth/register rejects missing password","status":"passed","title":"rejects missing password","duration":1.4551199999987148,"failureMessages":[],"meta":{}},{"ancestorTitles":["POST /api/auth/register"],"fullName":"POST /api/auth/register rejects short password","status":"passed","title":"rejects short password","duration":1.3381200000003446,"failureMessages":[],"meta":{}},{"ancestorTitles":["POST /api/auth/register"],"fullName":"POST /api/auth/register rejects non-POST methods","status":"passed","title":"rejects non-POST methods","duration":0.5881500000032247,"failureMessages":[],"meta":{}},{"ancestorTitles":["POST /api/auth/login"],"fullName":"POST /api/auth/login rejects missing credentials","status":"passed","title":"rejects missing credentials","duration":1.3615199999985634,"failureMessages":[],"meta":{}},{"ancestorTitles":["POST /api/auth/refresh"],"fullName":"POST /api/auth/refresh rejects missing refresh token","status":"passed","title":"rejects missing refresh token","duration":1.2816899999997986,"failureMessages":[],"meta":{}},{"ancestorTitles":["POST /api/auth/refresh"],"fullName":"POST /api/auth/refresh rejects invalid refresh token","status":"passed","title":"rejects invalid refresh token","duration":5.776289999997971,"failureMessages":[],"meta":{}},{"ancestorTitles":["POST /api/auth (unknown)"],"fullName":"POST /api/auth (unknown) returns 404 for unknown auth path","status":"passed","title":"returns 404 for unknown auth path","duration":1.1705399999991641,"failureMessages":[],"meta":{}},{"ancestorTitles":["GET /api/geocode"],"fullName":"GET /api/geocode rejects missing q param","status":"passed","title":"rejects missing q param","duration":1.3194000000003143,"failureMessages":[],"meta":{}},{"ancestorTitles":["GET /api/geocode"],"fullName":"GET /api/geocode rejects single-character query","status":"passed","title":"rejects single-character query","duration":1.0864800000017567,"failureMessages":[],"meta":{}},{"ancestorTitles":["GET /api/geocode"],"fullName":"GET /api/geocode returns 404 when Nominatim finds nothing","status":"passed","title":"returns 404 when Nominatim finds nothing","duration":1.8379800000002433,"failureMessages":[],"meta":{}},{"ancestorTitles":["GET /api/geocode"],"fullName":"GET /api/geocode returns lat/lng/timezone for a valid city","status":"passed","title":"returns lat/lng/timezone for a valid city","duration":2.7006299999993644,"failureMessages":[],"meta":{}}],"startTime":1773691381855,"endTime":1773691382093.7007,"status":"passed","message":"","name":"/mnt/c/Users/Ultimate Warrior/My project/HumanDesign/tests/handlers.test.js"},{"assertionResults":[{"ancestorTitles":["jwtClaims(env)"],"fullName":"jwtClaims(env) returns defaults when env is empty","status":"passed","title":"returns defaults when env is empty","duration":2.3304600000010396,"failureMessages":[],"meta":{}},{"ancestorTitles":["jwtClaims(env)"],"fullName":"jwtClaims(env) reads issuer/audience from env bindings","status":"passed","title":"reads issuer/audience from env bindings","duration":0.3596399999987625,"failureMessages":[],"meta":{}},{"ancestorTitles":["jwtClaims(env)"],"fullName":"jwtClaims(env) partial override — only issuer set","status":"passed","title":"partial override — only issuer set","duration":0.4666499999984808,"failureMessages":[],"meta":{}},{"ancestorTitles":["jwtClaims(env)"],"fullName":"jwtClaims(env) handles null/undefined env gracefully","status":"passed","title":"handles null/undefined env gracefully","duration":0.26577000000179396,"failureMessages":[],"meta":{}},{"ancestorTitles":["signJWT + verifyHS256 — happy path"],"fullName":"signJWT + verifyHS256 — happy path signs and verifies a token with default claims","status":"passed","title":"signs and verifies a token with default claims","duration":2.9418299999997544,"failureMessages":[],"meta":{}},{"ancestorTitles":["signJWT + verifyHS256 — happy path"],"fullName":"signJWT + verifyHS256 — happy path carries all supplied payload fields","status":"passed","title":"carries all supplied payload fields","duration":1.0869299999976647,"failureMessages":[],"meta":{}},{"ancestorTitles":["signJWT + verifyHS256 — happy path"],"fullName":"signJWT + verifyHS256 — happy path embeds iat and exp claims","status":"passed","title":"embeds iat and exp claims","duration":1.5897599999989325,"failureMessages":[],"meta":{}},{"ancestorTitles":["signJWT + verifyHS256 — happy path"],"fullName":"signJWT + verifyHS256 — happy path uses custom env issuer and audience when provided","status":"passed","title":"uses custom env issuer and audience when provided","duration":1.113839999998163,"failureMessages":[],"meta":{}},{"ancestorTitles":["verifyHS256 — invalid signature"],"fullName":"verifyHS256 — invalid signature returns null for a tampered payload","status":"passed","title":"returns null for a tampered payload","duration":2.7918899999967834,"failureMessages":[],"meta":{}},{"ancestorTitles":["verifyHS256 — invalid signature"],"fullName":"verifyHS256 — invalid signature returns null for wrong secret","status":"passed","title":"returns null for wrong secret","duration":1.6877700000004552,"failureMessages":[],"meta":{}},{"ancestorTitles":["verifyHS256 — invalid signature"],"fullName":"verifyHS256 — invalid signature returns null for malformed token (fewer than 3 parts)","status":"passed","title":"returns null for malformed token (fewer than 3 parts)","duration":0.3872699999992619,"failureMessages":[],"meta":{}},{"ancestorTitles":["verifyHS256 — invalid signature"],"fullName":"verifyHS256 — invalid signature returns null for empty string","status":"passed","title":"returns null for empty string","duration":0.21761999999944237,"failureMessages":[],"meta":{}},{"ancestorTitles":["verifyHS256 — expiry"],"fullName":"verifyHS256 — expiry returns null for an already-expired token","status":"passed","title":"returns null for an already-expired token","duration":1.6783199999990757,"failureMessages":[],"meta":{}},{"ancestorTitles":["verifyHS256 — expiry"],"fullName":"verifyHS256 — expiry skipExp option bypasses expiry check","status":"passed","title":"skipExp option bypasses expiry check","duration":1.3173300000016752,"failureMessages":[],"meta":{}},{"ancestorTitles":["verifyHS256 — issuer and audience"],"fullName":"verifyHS256 — issuer and audience rejects token from wrong issuer","status":"passed","title":"rejects token from wrong issuer","duration":1.0229399999989255,"failureMessages":[],"meta":{}},{"ancestorTitles":["verifyHS256 — issuer and audience"],"fullName":"verifyHS256 — issuer and audience rejects token for wrong audience","status":"passed","title":"rejects token for wrong audience","duration":0.9033300000010058,"failureMessages":[],"meta":{}},{"ancestorTitles":["verifyHS256 — issuer and audience"],"fullName":"verifyHS256 — issuer and audience accepts token when issuer and audience both match custom env","status":"passed","title":"accepts token when issuer and audience both match custom env","duration":0.965250000001106,"failureMessages":[],"meta":{}},{"ancestorTitles":["verifyHS256 — issuer and audience"],"fullName":"verifyHS256 — issuer and audience cross-env replay: staging token rejected by prod verifier","status":"passed","title":"cross-env replay: staging token rejected by prod verifier","duration":0.7779599999994389,"failureMessages":[],"meta":{}}],"startTime":1773691392392,"endTime":1773691392414.778,"status":"passed","message":"","name":"/mnt/c/Users/Ultimate Warrior/My project/HumanDesign/tests/jwt.test.js"},{"assertionResults":[{"ancestorTitles":["reduceToDigit"],"fullName":"reduceToDigit reduces single digit numbers to themselves","status":"passed","title":"reduces single digit numbers to themselves","duration":2.0439899999983027,"failureMessages":[],"meta":{}},{"ancestorTitles":["reduce
[...]
 (non-leap year)","status":"passed","title":"handles month boundary: Mar 1 00:30 in UTC-5 (non-leap year)","duration":0.4376699999993434,"failureMessages":[],"meta":{}},{"ancestorTitles":["parseToUTC"],"fullName":"parseToUTC handles month boundary: Feb 28 23:30 in UTC-5 → Mar 1","status":"passed","title":"handles month boundary: Feb 28 23:30 in UTC-5 → Mar 1","duration":0.4215599999988626,"failureMessages":[],"meta":{}},{"ancestorTitles":["parseToUTC"],"fullName":"parseToUTC handles positive offset day rollback: Aug 1 02:00 in UTC+5:30","status":"passed","title":"handles positive offset day rollback: Aug 1 02:00 in UTC+5:30","duration":0.6238799999991897,"failureMessages":[],"meta":{}},{"ancestorTitles":["parseToUTC"],"fullName":"parseToUTC handles midnight exactly","status":"passed","title":"handles midnight exactly","duration":0.5128199999999197,"failureMessages":[],"meta":{}},{"ancestorTitles":["parseToUTC"],"fullName":"parseToUTC handles UTC timezone as identity","status":"passed","title":"handles UTC timezone as identity","duration":0.5725800000000163,"failureMessages":[],"meta":{}},{"ancestorTitles":["parseToUTC"],"fullName":"parseToUTC throws on invalid timezone","status":"passed","title":"throws on invalid timezone","duration":1.4609700000000885,"failureMessages":[],"meta":{}}],"startTime":1773691384665,"endTime":1773691384677.461,"status":"passed","message":"","name":"/mnt/c/Users/Ultimate Warrior/My project/HumanDesign/tests/parseToUTC.test.js"},{"assertionResults":[{"ancestorTitles":["practitioner runtime guards"],"fullName":"practitioner runtime guards scopes note updates by practitioner ownership","status":"passed","title":"scopes note updates by practitioner ownership","duration":5.002739999999903,"failureMessages":[],"meta":{}},{"ancestorTitles":["practitioner runtime guards"],"fullName":"practitioner runtime guards rejects note creation when the client is not on the practitioner roster","status":"passed","title":"rejects note creation when the client is not on the practitioner roster","duration":1.81449000000066,"failureMessages":[],"meta":{}},{"ancestorTitles":["practitioner runtime guards"],"fullName":"practitioner runtime guards rejects AI context access when the client is not on the practitioner roster","status":"passed","title":"rejects AI context access when the client is not on the practitioner roster","duration":2.121930000001157,"failureMessages":[],"meta":{}},{"ancestorTitles":["practitioner runtime guards"],"fullName":"practitioner runtime guards returns 404 when a practitioner tries to delete a note they do not own","status":"passed","title":"returns 404 when a practitioner tries to delete a note they do not own","duration":1.8712799999993877,"failureMessages":[],"meta":{}},{"ancestorTitles":["practitioner runtime guards"],"fullName":"practitioner runtime guards rejects client detail access when the client is not on the practitioner roster","status":"passed","title":"rejects client detail access when the client is not on the practitioner roster","duration":1.7406899999987218,"failureMessages":[],"meta":{}},{"ancestorTitles":["practitioner runtime guards"],"fullName":"practitioner runtime guards rejects branded PDF export when the client is not on the practitioner roster","status":"passed","title":"rejects branded PDF export when the client is not on the practitioner roster","duration":1.5822900000021036,"failureMessages":[],"meta":{}},{"ancestorTitles":["practitioner runtime guards"],"fullName":"practitioner runtime guards resends a pending practitioner invitation with a fresh link","status":"passed","title":"resends a pending practitioner invitation with a fresh link","duration":3.4706699999987904,"failureMessages":[],"meta":{}},{"ancestorTitles":["practitioner runtime guards"],"fullName":"practitioner runtime guards allows a practitioner to export a roster client profile to Notion","status":"passed","title":"allows a practitioner to export a roster client profile to Notion","duration":1.7500500000023749,"failureMessages":[],"meta":{}},{"ancestorTitles":["practitioner runtime guards"],"fullName":"practitioner runtime guards expires a stale practitioner invitation during invite preview","status":"passed","title":"expires a stale practitioner invitation during invite preview","duration":1.6389000000017404,"failureMessages":[],"meta":{}},{"ancestorTitles":["practitioner runtime guards"],"fullName":"practitioner runtime guards accepts a practitioner invitation for the invited email","status":"passed","title":"accepts a practitioner invitation for the invited email","duration":3.150630000000092,"failureMessages":[],"meta":{}},{"ancestorTitles":["practitioner runtime guards"],"fullName":"practitioner runtime guards rejects invitation acceptance when the signed-in email does not match the invite","status":"passed","title":"rejects invitation acceptance when the signed-in email does not match the invite","duration":2.885579999998299,"failureMessages":[],"meta":{}}],"startTime":1773691388166,"endTime":1773691388193.8855,"status":"passed","message":"","name":"/mnt/c/Users/Ultimate Warrior/My project/HumanDesign/tests/practitioner-runtime.test.js"},{"assertionResults":[{"ancestorTitles":["rateLimit — DB-backed atomic counter"],"fullName":"rateLimit — DB-backed atomic counter returns 503 when NEON_CONNECTION_STRING is not configured","status":"passed","title":"returns 503 when NEON_CONNECTION_STRING is not configured","duration":4.552379999997356,"failureMessages":[],"meta":{}},{"ancestorTitles":["rateLimit — DB-backed atomic counter"],"fullName":"rateLimit — DB-backed atomic counter includes Retry-After header on 503","status":"passed","title":"includes Retry-After header on 503","duration":1.2102300000005926,"failureMessages":[],"meta":{}},{"ancestorTitles":["rateLimit — DB-backed atomic counter"],"fullName":"rateLimit — DB-backed atomic counter returns null (pass-through) when DB counter is within limit","status":"passed","title":"returns null (pass-through) when DB counter is within limit","duration":4.357260000000679,"failureMessages":[],"meta":{}},{"ancestorTitles":["rateLimit — DB-backed atomic counter"],"fullName":"rateLimit — DB-backed atomic counter returns 429 when DB counter exceeds the configured limit","status":"passed","title":"returns 429 when DB counter exceeds the configured limit","duration":1.5717599999989034,"failureMessages":[],"meta":{}},{"ancestorTitles":["QUERIES registry — new queries from deep dive audit"],"fullName":"QUERIES registry — new queries from deep dive audit has safe user lookup variants that omit password_hash and totp_secret","status":"passed","title":"has safe user lookup variants that omit password_hash and totp_secret","duration":1.2332700000006298,"failureMessages":[],"meta":{}},{"ancestorTitles":["QUERIES registry — new queries from deep dive audit"],"fullName":"QUERIES registry — new queries from deep dive audit has atomicQuotaCheckAndInsert query (BL-RACE-001)","status":"passed","title":"has atomicQuotaCheckAndInsert query (BL-RACE-001)","duration":1.7647199999992154,"failureMessages":[],"meta":{}},{"ancestorTitles":["QUERIES registry — new queries from deep dive audit"],"fullName":"QUERIES registry — new queries from deep dive audit has atomicWindowCounterIncrement query for fixed-window limits","status":"passed","title":"has atomicWindowCounterIncrement query for fixed-window limits","duration":0.8822700000018813,"failureMessages":[],"meta":{}},{"ancestorTitles":["QUERIES registry — new queries from deep dive audit"],"fullName":"QUERIES registry — new queries from deep dive audit has updateTransitPassExpiry query (MED-INLINE-SQL)","status":"passed","title":"has updateTransitPassExpiry query (MED-INLINE-SQL)","duration":0.38277000000016415,"failureMessages":[],"meta":{}},{"ancestorTitles":["QUERIES registry — new queries from deep dive audit"],"fullName":"QUERIES registry — new queries from deep dive audit has grantLifetimeAccess query (MED-INLINE-SQL)","status":"passed","title":"has grantLifetimeAccess query (MED-INLINE-SQL)","duration":0.6970499999988533,"failureMessages":[],"meta":{}},{"ancestorTitles":["QUERIES registry — new queries from deep dive audit"],"fullName":"QUERIES registry — new queries from deep dive audit has getBatchSmsUsageCounts query (MED-N+1-001)","status":"passed","title":"has getBatchSmsUsageCounts query (MED-N+1-001)","duration":0.4538699999975506,"failureMessages":[],"meta":{}},{"ancestorTitles":["QUERIES registry — new queries from deep dive audit"],"fullName":"QUERIES registry — new queries from deep dive audit still has all pre-existing usage queries","status":"passed","title":"still has all pre-existing usage queries","duration":0.4705199999989418,"failureMessages":[],"meta":{}},{"ancestorTitles":["getUserFromRequest — safe lookups"],"fullName":"getUserFromRequest — safe lookups resolves the authenticated user with the safe query shape","status":"passed","title":"resolves the authenticated user with the safe query shape","duration":2.440439999998489,"failureMessages":[],"meta":{}},{"ancestorTitles":["rateLimit config — promo endpoint (MED-PROMO-RATE)"],"fullName":"rateLimit config — promo endpoint (MED-PROMO-RATE) returns 429 for /api/promo/validate when limit exceeded (SYS-013: KV-backed)","status":"passed","title":"returns 429 for /api/promo/validate when limit exceeded (SYS-013: KV-backed)","duration":1.298610000001645,"failureMessages":[],"meta":{}}],"startTime":1773691391175,"endTime":1773691391197.2986,"status":"passed","message":"","name":"/mnt/c/Users/Ultimate Warrior/My project/HumanDesign/tests/security-fixes.test.js"},{"assertionResults":[{"ancestorTitles":["initSentry"],"fullName":"initSentry returns a no-op client when SENTRY_DSN is missing","status":"passed","title":"returns a no-op client when SENTRY_DSN is missing","duration":4.228739999998652,"failureMessages":[],"meta":{}},{"ancestorTitles":["initSentry"],"fullName":"initSentry disables error tracking when SENTRY_DSN is malformed","status":"passed","title":"disables error tracking when SENTRY_DSN is malformed","duration":3.723389999999199,"failureMessages":[],"meta":{}},{"ancestorTitles":["initSentry"],"fullName":"initSentry sends a structured envelope with sanitized request and user context","status":"passed","title":"sends a structured envelope with sanitized request and user context","duration":12.663089999998192,"failureMessages":[],"meta":{}}],"startTime":1773691383852,"endTime":1773691383872.663,"status":"passed","message":"","name":"/mnt/c/Users/Ultimate Warrior/My project/HumanDesign/tests/sentry.test.js"},{"assertionResults":[{"ancestorTitles":["tier and billing runtime alignment"],"fullName":"tier and billing runtime alignment keeps past_due subscriptions entitled through the billing-active subscription path","status":"passed","title":"keeps past_due subscriptions entitled through the billing-active subscription path","duration":4.793310000000929,"failureMessages":[],"meta":{}},{"ancestorTitles":["tier and billing runtime alignment"],"fullName":"tier and billing runtime alignment reports revenue using canonical tier names and current pricing","status":"passed","title":"reports revenue using canonical tier names and current pricing","duration":2.3379300000015064,"failureMessages":[],"meta":{}},{"ancestorTitles":["tier and billing runtime alignment"],"fullName":"tier and billing runtime alignment treats a valid practitioner API key as valid without white-label permission","status":"passed","title":"treats a valid practitioner API key as valid without white-label permission","duration":2.3474700000006123,"failureMessages":[],"meta":{}},{"ancestorTitles":["tier and billing runtime alignment"],"fullName":"tier and billing runtime alignment normalizes legacy white_label accounts to agency capabilities for embeds","status":"passed","title":"normalizes legacy white_label accounts to agency capabilities for embeds","duration":2.0328299999964656,"failureMessages":[],"meta":{}}],"startTime":1773691393850,"endTime":1773691393862.0327,"status":"passed","message":"","name":"/mnt/c/Users/Ultimate Warrior/My project/HumanDesign/tests/tier-billing-runtime.test.js"},{"assertionResults":[{"ancestorTitles":["webhook claim lifecycle"],"fullName":"webhook claim lifecycle releases the processing claim when downstream handling throws","status":"passed","title":"releases the processing claim when downstream handling throws","duration":18.887759999997797,"failureMessages":[],"meta":{}},{"ancestorTitles":["webhook claim lifecycle"],"fullName":"webhook claim lifecycle finalizes invoice payment events in place on the claimed payment_events row","status":"passed","title":"finalizes invoice payment events in place on the claimed payment_events row","duration":3.683969999998226,"failureMessages":[],"meta":{}},{"ancestorTitles":["webhook claim lifecycle"],"fullName":"webhook claim lifecycle recovers a missing local subscription row before finalizing invoice payment events","status":"passed","title":"recovers a missing local subscription row before finalizing invoice payment events","duration":6.205770000000484,"failureMessages":[],"meta":{}},{"ancestorTitles":["webhook claim lifecycle"],"fullName":"webhook claim lifecycle relinks a Stripe customer by email before rebuilding the subscription row","status":"passed","title":"relinks a Stripe customer by email before rebuilding the subscription row","duration":5.26734000000215,"failureMessages":[],"meta":{}},{"ancestorTitles":["webhook claim lifecycle"],"fullName":"webhook claim lifecycle relinks ghost subscriptions by email when stripe_customer_id is missing on the user","status":"passed","title":"relinks ghost subscriptions by email when stripe_customer_id is missing on the user","duration":4.134600000001228,"failureMessages":[],"meta":{}},{"ancestorTitles":["webhook claim lifecycle"],"fullName":"webhook claim lifecycle parks invoice payment events for manual review when no safe user mapping exists","status":"passed","title":"parks invoice payment events for manual review when no safe user mapping exists","duration":2.3136300000005576,"failureMessages":[],"meta":{}},{"ancestorTitles":["webhook claim lifecycle"],"fullName":"webhook claim lifecycle parks ghost subscriptions for manual review when neither customer id nor email can recover the user","status":"passed","title":"parks ghost subscriptions for manual review when neither customer id nor email can recover the user","duration":2.0901599999997416,"failureMessages":[],"meta":{}}],"startTime":1773691388982,"endTime":1773691389025.09,"status":"passed","message":"","name":"/mnt/c/Users/Ultimate Warrior/My project/HumanDesign/tests/webhook-claim-runtime.test.js"},{"assertionResults":[{"ancestorTitles":["webhook checkout degradation signals"],"fullName":"webhook checkout degradation signals emits a durable event when referral conversion fails after successful checkout persistence","status":"skipped","title":"emits a durable event when referral conversion fails after successful checkout persistence","failureMessages":[],"meta":{}},{"ancestorTitles":["webhook checkout degradation signals"],"fullName":"webhook checkout degradation signals emits a durable event when confirmation email delivery fails","status":"skipped","title":"emits a durable event when confirmation email delivery fails","failureMessages":[],"meta":{}}],"startTime":1773691356291,"endTime":1773691356291,"status":"passed","message":"","name":"/mnt/c/Users/Ultimate Warrior/My project/HumanDesign/tests/webhook-operational-degradation.test.js"},{"assertionResults":[{"ancestorTitles":["Discord Worker","GET /interactions → 405"],"fullName":"Discord Worker GET /interactions → 405 rejects non-POST with 405","status":"passed","title":"rejects non-POST with 405","duration":2.538720000000467,"failureMessages":[],"meta":{}},{"ancestorTitles":["Discord Worker","Ed25519 signature verification"],"fullName":"Discord Worker Ed25519 signature verification returns 401 when signature headers are missing","status":"passed","title":"returns 401 when signature headers are missing","duration":1.3470300000008137,"failureMessages":[],"meta":{}},{"ancestorTitles":["Discord Worker","Ed25519 signature verification"],"fullName":"Discord Worker Ed25519 signature verification returns 401 for a tampered signature","status":"passed","title":"returns 401 for a tampered signature","duration":3.0224699999998847,"failureMessages":[],"meta":{}},{"ancestorTitles":["Discord Worker","Ed25519 signature verification"],"fullName":"Discord Worker Ed25519 signature verification returns 401 for a stale timestamp (> 5 minutes old)","status":"passed","title":"returns 401 for a stale timestamp (> 5 minutes old)","duration":1.543229999999312,"failureMessages":[],"meta":{}},{"ancestorTitles":["Discord Worker","PING handshake"],"fullName":"Discord Worker PING handshake responds with PONG (type 1)","status":"passed","title":"responds with PONG (type 1)","duration":2.1154500000011467,"failureMessages":[],"meta":{}},{"ancestorTitles":["Discord Worker","/primself input validation"],"fullName":"Discord Worker /primself input validation accepts valid inputs → deferred (type 5)","status":"passed","title":"accepts valid inputs → deferred (type 5)","duration":5.211180000002059,"failureMessages":[],"meta":{}},{"ancestorTitles":["Discord Worker","/primself input validation"],"fullName":"Discord Worker /primself input validation rejects bad date format → ephemeral error","status":"passed","title":"rejects bad date format → ephemeral error","duration":7.975439999998343,"failureMessages":[],"meta":{}},{"ancestorTitles":["Discord Worker","/primself input validation"],"fullName":"Discord Worker /primself input validation rejects future birth date → ephemeral error via followup","status":"passed","title":"rejects future birth date → ephemeral error via followup","duration":3.1323599999996077,"failureMessages":[],"meta":{}},{"ancestorTitles":["Discord Worker","/primself input validation"],"fullName":"Discord Worker /primself input validation rejects city shorter than 2 chars","status":"passed","title":"rejects city shorter than 2 chars","duration":2.8944899999987683,"failureMessages":[],"meta":{}},{"ancestorTitles":["Discord Worker","Rate limiting"],"fullName":"Discord Worker Rate limiting blocks on the 4th request within 24h","status":"passed","title":"blocks on the 4th request within 24h","duration":5.184989999997924,"failureMessages":[],"meta":{}},{"ancestorTitles":["Discord Worker","Rate limiting"],"fullName":"Discord Worker Rate limiting resets after 24h window expires","status":"passed","title":"resets after 24h window expires","duration":3.8224799999989045,"failureMessages":[],"meta":{}},{"ancestorTitles":["Discord Worker","Unknown command"],"fullName":"Discord Worker Unknown command returns ephemeral unknown-command message","status":"passed","title":"returns ephemeral unknown-command message","duration":2.067749999998341,"failureMessages":[],"meta":{}},{"ancestorTitles":["Discord Worker","Happy path embed"],"fullName":"Discord Worker Happy path embed sends a follow-up with a correctly shaped embed","status":"passed","title":"sends a follow-up with a correctly shaped embed","duration":7.475130000002537,"failureMessages":[],"meta":{}},{"ancestorTitles":["Discord Worker","Geocode failure"],"fullName":"Discord Worker Geocode failure sends ephemeral error when geocode API returns 502","status":"passed","title":"sends ephemeral error when geocode API returns 502","duration":5.2696799999976065,"failureMessages":[],"meta":{}},{"ancestorTitles":["Discord Worker","Chart API failure"],"fullName":"Discord Worker Chart API failure sends ephemeral error when chart API returns 500","status":"passed","title":"sends ephemeral error when chart API returns 500","duration":2.8570500000023458,"failureMessages":[],"meta":{}}],"startTime":1773691385322,"endTime":1773691385379.857,"status":"passed","message":"","name":"/mnt/c/Users/Ultimate Warrior/My project/HumanDesign/discord/src/index.test.js"}]}